0 verbose cli C:\Program Files\nodejs\node.exe C:\Users\HP\AppData\Roaming\npm\node_modules\npm\bin\npm-cli.js
1 info using npm@10.3.0
2 info using node@v18.17.1
3 timing npm:load:whichnode Completed in 2ms
4 timing config:load:defaults Completed in 2ms
5 timing config:load:file:C:\Users\HP\AppData\Roaming\npm\node_modules\npm\npmrc Completed in 6ms
6 timing config:load:builtin Completed in 7ms
7 timing config:load:cli Completed in 5ms
8 timing config:load:env Completed in 1ms
9 timing config:load:file:C:\Users\HP\multikart-3.2.1\multikart-3.2.1\front-end\.npmrc Completed in 0ms
10 timing config:load:project Completed in 3ms
11 timing config:load:file:C:\Users\HP\.npmrc Completed in 1ms
12 timing config:load:user Completed in 1ms
13 timing config:load:file:C:\Users\HP\AppData\Roaming\npm\etc\npmrc Completed in 0ms
14 timing config:load:global Completed in 0ms
15 timing config:load:setEnvs Completed in 0ms
16 timing config:load Completed in 21ms
17 timing npm:load:configload Completed in 21ms
18 timing config:load:flatten Completed in 2ms
19 timing npm:load:mkdirpcache Completed in 1ms
20 timing npm:load:mkdirplogs Completed in 1ms
21 verbose title npm install
22 verbose argv "install" "--cache" "true"
23 timing npm:load:setTitle Completed in 1ms
24 timing npm:load:display Completed in 0ms
25 verbose logfile logs-max:10 dir:C:\Users\HP\multikart-3.2.1\multikart-3.2.1\front-end\true\_logs\2024-01-18T18_10_02_015Z-
26 verbose logfile C:\Users\HP\multikart-3.2.1\multikart-3.2.1\front-end\true\_logs\2024-01-18T18_10_02_015Z-debug-0.log
27 timing npm:load:logFile Completed in 11ms
28 timing npm:load:timers Completed in 0ms
29 timing npm:load:configScope Completed in 0ms
30 timing npm:load Completed in 69ms
31 timing arborist:ctor Completed in 1ms
32 silly logfile done cleaning log files
33 timing idealTree:init Completed in 2401ms
34 timing idealTree:userRequests Completed in 1ms
35 silly idealTree buildDeps
36 timing idealTree:#root Completed in 1ms
37 timing idealTree:node_modules/react-scripts/node_modules/fsevents Completed in 1ms
38 timing idealTree:buildDeps Completed in 4ms
39 timing idealTree:fixDepFlags Completed in 1ms
40 timing idealTree Completed in 2432ms
41 timing arborist:ctor Completed in 1ms
42 timing reify:loadTrees Completed in 3427ms
43 timing reify:diffTrees Completed in 41ms
44 silly reify moves {}
45 timing reify:retireShallow Completed in 1ms
46 timing reify:createSparse Completed in 23ms
47 verbose reify failed optional dependency C:\Users\HP\multikart-3.2.1\multikart-3.2.1\front-end\node_modules\react-scripts\node_modules\fsevents
48 silly reify mark deleted [
48 silly reify   'C:\\Users\\HP\\multikart-3.2.1\\multikart-3.2.1\\front-end\\node_modules\\react-scripts\\node_modules\\fsevents'
48 silly reify ]
49 timing reifyNode:node_modules/react-scripts/node_modules/fsevents Completed in 3ms
50 timing arborist:ctor Completed in 0ms
51 timing reify:diffTrees Completed in 44ms
52 timing reify:loadBundles Completed in 52ms
53 silly audit bulk request {
53 silly audit   '@ampproject/remapping': [ '2.2.1' ],
53 silly audit   '@asamuzakjp/dom-selector': [ '2.0.2' ],
53 silly audit   '@babel/code-frame': [ '7.23.5', '7.0.0' ],
53 silly audit   chalk: [ '2.4.2', '1.1.3', '2.4.1' ],
53 silly audit   '@babel/compat-data': [ '7.23.5' ],
53 silly audit   '@babel/core': [ '7.1.0', '7.23.7', '7.2.2' ],
53 silly audit   '@babel/generator': [ '7.23.6' ],
53 silly audit   '@babel/helper-annotate-as-pure': [ '7.22.5' ],
53 silly audit   '@babel/helper-builder-binary-assignment-operator-visitor': [ '7.22.15' ],
53 silly audit   '@babel/helper-compilation-targets': [ '7.23.6' ],
53 silly audit   semver: [ '6.3.1', '5.7.2', '5.5.0' ],
53 silly audit   '@babel/helper-create-class-features-plugin': [ '7.23.7' ],
53 silly audit   '@babel/helper-create-regexp-features-plugin': [ '7.22.15' ],
53 silly audit   '@babel/helper-define-map': [ '7.18.6' ],
53 silly audit   '@babel/helper-define-polyfill-provider': [ '0.5.0', '0.4.4' ],
53 silly audit   debug: [ '4.3.4', '2.6.9', '3.2.7' ],
53 silly audit   ms: [ '2.1.2', '2.0.0', '2.1.3' ],
53 silly audit   resolve: [ '1.22.8', '1.1.7', '1.10.0', '1.8.1' ],
53 silly audit   '@babel/helper-environment-visitor': [ '7.22.20' ],
53 silly audit   '@babel/helper-function-name': [ '7.23.0' ],
53 silly audit   '@babel/helper-hoist-variables': [ '7.22.5' ],
53 silly audit   '@babel/helper-member-expression-to-functions': [ '7.23.0' ],
53 silly audit   '@babel/helper-module-imports': [ '7.22.15' ],
53 silly audit   '@babel/helper-module-transforms': [ '7.23.3' ],
53 silly audit   '@babel/helper-optimise-call-expression': [ '7.22.5' ],
53 silly audit   '@babel/helper-plugin-utils': [ '7.22.5' ],
53 silly audit   '@babel/helper-remap-async-to-generator': [ '7.22.20' ],
53 silly audit   '@babel/helper-replace-supers': [ '7.22.20' ],
53 silly audit   '@babel/helper-simple-access': [ '7.22.5' ],
53 silly audit   '@babel/helper-skip-transparent-expression-wrappers': [ '7.22.5' ],
53 silly audit   '@babel/helper-split-export-declaration': [ '7.22.6' ],
53 silly audit   '@babel/helper-string-parser': [ '7.23.4' ],
53 silly audit   '@babel/helper-validator-identifier': [ '7.22.20' ],
53 silly audit   '@babel/helper-validator-option': [ '7.23.5' ],
53 silly audit   '@babel/helper-wrap-function': [ '7.22.20' ],
53 silly audit   '@babel/helpers': [ '7.23.8' ],
53 silly audit   '@babel/highlight': [ '7.23.4' ],
53 silly audit   '@babel/parser': [ '7.23.6' ],
53 silly audit   '@babel/plugin-bugfix-safari-id-destructuring-collision-in-function-expression': [ '7.23.3' ],
53 silly audit   '@babel/plugin-bugfix-v8-spread-parameters-in-optional-chaining': [ '7.23.3' ],
53 silly audit   '@babel/plugin-bugfix-v8-static-class-fields-redefine-readonly': [ '7.23.7' ],
53 silly audit   '@babel/plugin-proposal-async-generator-functions': [ '7.20.7' ],
53 silly audit   '@babel/plugin-proposal-class-properties': [ '7.1.0', '7.3.0' ],
53 silly audit   '@babel/plugin-proposal-decorators': [ '7.1.2', '7.3.0' ],
53 silly audit   '@babel/plugin-proposal-json-strings': [ '7.18.6' ],
53 silly audit   '@babel/plugin-proposal-object-rest-spread': [ '7.0.0', '7.3.2' ],
53 silly audit   '@babel/plugin-proposal-optional-catch-binding': [ '7.18.6' ],
53 silly audit   '@babel/plugin-proposal-private-property-in-object': [ '7.21.0-placeholder-for-preset-env.2' ],
53 silly audit   '@babel/plugin-proposal-unicode-property-regex': [ '7.18.6' ],
53 silly audit   '@babel/plugin-syntax-async-generators': [ '7.8.4' ],
53 silly audit   '@babel/plugin-syntax-class-properties': [ '7.12.13' ],
53 silly audit   '@babel/plugin-syntax-class-static-block': [ '7.14.5' ],
53 silly audit   '@babel/plugin-syntax-decorators': [ '7.23.3' ],
53 silly audit   '@babel/plugin-syntax-dynamic-import': [ '7.8.3', '7.0.0', '7.2.0' ],
53 silly audit   '@babel/plugin-syntax-export-namespace-from': [ '7.8.3' ],
53 silly audit   '@babel/plugin-syntax-flow': [ '7.23.3' ],
53 silly audit   '@babel/plugin-syntax-import-assertions': [ '7.23.3' ],
53 silly audit   '@babel/plugin-syntax-import-attributes': [ '7.23.3' ],
53 silly audit   '@babel/plugin-syntax-import-meta': [ '7.10.4' ],
53 silly audit   '@babel/plugin-syntax-json-strings': [ '7.8.3' ],
53 silly audit   '@babel/plugin-syntax-jsx': [ '7.23.3' ],
53 silly audit   '@babel/plugin-syntax-logical-assignment-operators': [ '7.10.4' ],
53 silly audit   '@babel/plugin-syntax-nullish-coalescing-operator': [ '7.8.3' ],
53 silly audit   '@babel/plugin-syntax-numeric-separator': [ '7.10.4' ],
53 silly audit   '@babel/plugin-syntax-object-rest-spread': [ '7.8.3' ],
53 silly audit   '@babel/plugin-syntax-optional-catch-binding': [ '7.8.3' ],
53 silly audit   '@babel/plugin-syntax-optional-chaining': [ '7.8.3' ],
53 silly audit   '@babel/plugin-syntax-private-property-in-object': [ '7.14.5' ],
53 silly audit   '@babel/plugin-syntax-top-level-await': [ '7.14.5' ],
53 silly audit   '@babel/plugin-syntax-typescript': [ '7.23.3' ],
53 silly audit   '@babel/plugin-syntax-unicode-sets-regex': [ '7.18.6' ],
53 silly audit   '@babel/plugin-transform-arrow-functions': [ '7.23.3' ],
53 silly audit   '@babel/plugin-transform-async-generator-functions': [ '7.23.7' ],
53 silly audit   '@babel/plugin-transform-async-to-generator': [ '7.23.3' ],
53 silly audit   '@babel/plugin-transform-block-scoped-functions': [ '7.23.3' ],
53 silly audit   '@babel/plugin-transform-block-scoping': [ '7.23.4' ],
53 silly audit   '@babel/plugin-transform-class-properties': [ '7.23.3' ],
53 silly audit   '@babel/plugin-transform-class-static-block': [ '7.23.4' ],
53 silly audit   '@babel/plugin-transform-classes': [ '7.23.8', '7.1.0', '7.2.2' ],
53 silly audit   '@babel/plugin-transform-computed-properties': [ '7.23.3' ],
53 silly audit   '@babel/plugin-transform-destructuring': [ '7.23.3', '7.0.0', '7.3.2' ],
53 silly audit   '@babel/plugin-transform-dotall-regex': [ '7.23.3' ],
53 silly audit   '@babel/plugin-transform-duplicate-keys': [ '7.23.3' ],
53 silly audit   '@babel/plugin-transform-dynamic-import': [ '7.23.4' ],
53 silly audit   '@babel/plugin-transform-exponentiation-operator': [ '7.23.3' ],
53 silly audit   '@babel/plugin-transform-export-namespace-from': [ '7.23.4' ],
53 silly audit   '@babel/plugin-transform-flow-strip-types': [ '7.0.0', '7.2.3' ],
53 silly audit   '@babel/plugin-transform-for-of': [ '7.23.6' ],
53 silly audit   '@babel/plugin-transform-function-name': [ '7.23.3' ],
53 silly audit   '@babel/plugin-transform-json-strings': [ '7.23.4' ],
53 silly audit   '@babel/plugin-transform-literals': [ '7.23.3' ],
53 silly audit   '@babel/plugin-transform-logical-assignment-operators': [ '7.23.4' ],
53 silly audit   '@babel/plugin-transform-member-expression-literals': [ '7.23.3' ],
53 silly audit   '@babel/plugin-transform-modules-amd': [ '7.23.3' ],
53 silly audit   '@babel/plugin-transform-modules-commonjs': [ '7.23.3' ],
53 silly audit   '@babel/plugin-transform-modules-systemjs': [ '7.23.3' ],
53 silly audit   '@babel/plugin-transform-modules-umd': [ '7.23.3' ],
53 silly audit   '@babel/plugin-transform-named-capturing-groups-regex': [ '7.22.5' ],
53 silly audit   '@babel/plugin-transform-new-target': [ '7.23.3' ],
53 silly audit   '@babel/plugin-transform-nullish-coalescing-operator': [ '7.23.4' ],
53 silly audit   '@babel/plugin-transform-numeric-separator': [ '7.23.4' ],
53 silly audit   '@babel/plugin-transform-object-rest-spread': [ '7.23.4' ],
53 silly audit   '@babel/plugin-transform-object-super': [ '7.23.3' ],
53 silly audit   '@babel/plugin-transform-optional-catch-binding': [ '7.23.4' ],
53 silly audit   '@babel/plugin-transform-optional-chaining': [ '7.23.4' ],
53 silly audit   '@babel/plugin-transform-parameters': [ '7.23.3' ],
53 silly audit   '@babel/plugin-transform-private-methods': [ '7.23.3' ],
53 silly audit   '@babel/plugin-transform-private-property-in-object': [ '7.23.4' ],
53 silly audit   '@babel/plugin-transform-property-literals': [ '7.23.3' ],
53 silly audit   '@babel/plugin-transform-react-constant-elements': [ '7.23.3', '7.0.0', '7.2.0' ],
53 silly audit   '@babel/plugin-transform-react-display-name': [ '7.23.3', '7.0.0', '7.2.0' ],
53 silly audit   '@babel/plugin-transform-react-jsx': [ '7.23.4' ],
53 silly audit   '@babel/plugin-transform-react-jsx-development': [ '7.22.5' ],
53 silly audit   '@babel/plugin-transform-react-jsx-self': [ '7.23.3' ],
53 silly audit   '@babel/plugin-transform-react-jsx-source': [ '7.23.3' ],
53 silly audit   '@babel/plugin-transform-react-pure-annotations': [ '7.23.3' ],
53 silly audit   '@babel/plugin-transform-regenerator': [ '7.23.3' ],
53 silly audit   '@babel/plugin-transform-reserved-words': [ '7.23.3' ],
53 silly audit   '@babel/plugin-transform-runtime': [ '7.1.0', '7.2.0' ],
53 silly audit   '@babel/plugin-transform-shorthand-properties': [ '7.23.3' ],
53 silly audit   '@babel/plugin-transform-spread': [ '7.23.3' ],
53 silly audit   '@babel/plugin-transform-sticky-regex': [ '7.23.3' ],
53 silly audit   '@babel/plugin-transform-template-literals': [ '7.23.3' ],
53 silly audit   '@babel/plugin-transform-typeof-symbol': [ '7.23.3' ],
53 silly audit   '@babel/plugin-transform-typescript': [ '7.23.6' ],
53 silly audit   '@babel/plugin-transform-unicode-escapes': [ '7.23.3' ],
53 silly audit   '@babel/plugin-transform-unicode-property-regex': [ '7.23.3' ],
53 silly audit   '@babel/plugin-transform-unicode-regex': [ '7.23.3' ],
53 silly audit   '@babel/plugin-transform-unicode-sets-regex': [ '7.23.3' ],
53 silly audit   '@babel/preset-env': [ '7.23.8', '7.1.0', '7.3.1' ],
53 silly audit   '@babel/preset-modules': [ '0.1.6-no-external-plugins' ],
53 silly audit   '@babel/preset-react': [ '7.23.3', '7.0.0' ],
53 silly audit   '@babel/preset-typescript': [ '7.1.0' ],
53 silly audit   '@babel/regjsgen': [ '0.8.0' ],
53 silly audit   '@babel/runtime': [ '7.0.0', '7.23.8', '7.3.1' ],
53 silly audit   '@babel/template': [ '7.22.15' ],
53 silly audit   '@babel/traverse': [ '7.23.7' ],
53 silly audit   '@babel/types': [ '7.23.6' ],
53 silly audit   '@csstools/convert-colors': [ '1.4.0' ],
53 silly audit   '@jridgewell/gen-mapping': [ '0.3.3' ],
53 silly audit   '@jridgewell/resolve-uri': [ '3.1.1' ],
53 silly audit   '@jridgewell/set-array': [ '1.1.2' ],
53 silly audit   '@jridgewell/sourcemap-codec': [ '1.4.15' ],
53 silly audit   '@jridgewell/trace-mapping': [ '0.3.21' ],
53 silly audit   '@mrmlnc/readdir-enhanced': [ '2.2.1' ],
53 silly audit   '@nodelib/fs.stat': [ '1.1.3' ],
53 silly audit   '@sheerun/eslint-config-standard': [ '10.2.1' ],
53 silly audit   '@svgr/babel-plugin-add-jsx-attribute': [ '4.2.0' ],
53 silly audit   '@svgr/babel-plugin-remove-jsx-attribute': [ '4.2.0' ],
53 silly audit   '@svgr/babel-plugin-remove-jsx-empty-expression': [ '4.2.0' ],
53 silly audit   '@svgr/babel-plugin-replace-jsx-attribute-value': [ '4.2.0' ],
53 silly audit   '@svgr/babel-plugin-svg-dynamic-title': [ '4.3.3' ],
53 silly audit   '@svgr/babel-plugin-svg-em-dimensions': [ '4.2.0' ],
53 silly audit   '@svgr/babel-plugin-transform-react-native-svg': [ '4.2.0' ],
53 silly audit   '@svgr/babel-plugin-transform-svg-component': [ '4.2.0' ],
53 silly audit   '@svgr/babel-preset': [ '4.3.3' ],
53 silly audit   '@svgr/core': [ '2.4.1', '4.3.3' ],
53 silly audit   '@svgr/hast-util-to-babel-ast': [ '4.3.2' ],
53 silly audit   '@svgr/plugin-jsx': [ '4.3.3' ],
53 silly audit   'convert-source-map': [ '2.0.0', '1.9.0' ],
53 silly audit   json5: [ '2.2.3', '0.5.1', '1.0.2' ],
53 silly audit   '@svgr/plugin-svgo': [ '4.3.1' ],
53 silly audit   '@svgr/webpack': [ '2.4.1', '4.1.0' ],
53 silly audit   '@types/q': [ '1.5.8' ],
53 silly audit   '@types/tapable': [ '1.0.2' ],
53 silly audit   '@webassemblyjs/ast': [ '1.9.0', '1.7.11' ],
53 silly audit   '@webassemblyjs/floating-point-hex-parser': [ '1.9.0', '1.7.11' ],
53 silly audit   '@webassemblyjs/helper-api-error': [ '1.9.0', '1.7.11' ],
53 silly audit   '@webassemblyjs/helper-buffer': [ '1.9.0', '1.7.11' ],
53 silly audit   '@webassemblyjs/helper-code-frame': [ '1.9.0', '1.7.11' ],
53 silly audit   '@webassemblyjs/helper-fsm': [ '1.9.0', '1.7.11' ],
53 silly audit   '@webassemblyjs/helper-module-context': [ '1.9.0', '1.7.11' ],
53 silly audit   '@webassemblyjs/helper-wasm-bytecode': [ '1.9.0', '1.7.11' ],
53 silly audit   '@webassemblyjs/helper-wasm-section': [ '1.9.0', '1.7.11' ],
53 silly audit   '@webassemblyjs/ieee754': [ '1.9.0', '1.7.11' ],
53 silly audit   '@webassemblyjs/leb128': [ '1.9.0', '1.7.11' ],
53 silly audit   '@webassemblyjs/utf8': [ '1.9.0', '1.7.11' ],
53 silly audit   '@webassemblyjs/wasm-edit': [ '1.9.0', '1.7.11' ],
53 silly audit   '@webassemblyjs/wasm-gen': [ '1.9.0', '1.7.11' ],
53 silly audit   '@webassemblyjs/wasm-opt': [ '1.9.0', '1.7.11' ],
53 silly audit   '@webassemblyjs/wasm-parser': [ '1.9.0', '1.7.11' ],
53 silly audit   '@webassemblyjs/wast-parser': [ '1.9.0', '1.7.11' ],
53 silly audit   '@webassemblyjs/wast-printer': [ '1.9.0', '1.7.11' ],
53 silly audit   '@xtuc/ieee754': [ '1.2.0' ],
53 silly audit   '@xtuc/long': [ '4.2.2', '4.2.1' ],
53 silly audit   abab: [ '2.0.6' ],
53 silly audit   abbrev: [ '1.1.1' ],
53 silly audit   accepts: [ '1.3.8' ],
53 silly audit   acorn: [ '6.4.2', '5.7.4', '3.3.0' ],
53 silly audit   'acorn-dynamic-import': [ '3.0.0' ],
53 silly audit   'acorn-globals': [ '4.3.4' ],
53 silly audit   'acorn-jsx': [ '5.3.2', '3.0.1' ],
53 silly audit   'acorn-walk': [ '6.2.0' ],
53 silly audit   address: [ '1.0.3' ],
53 silly audit   'agent-base': [ '7.1.0' ],
53 silly audit   ajv: [ '6.12.6', '5.5.2' ],
53 silly audit   'ajv-errors': [ '1.0.1' ],
53 silly audit   'ajv-keywords': [ '3.5.2', '2.1.1' ],
53 silly audit   'alphanum-sort': [ '1.0.2' ],
53 silly audit   'ansi-colors': [ '3.2.4' ],
53 silly audit   'ansi-escapes': [ '3.2.0' ],
53 silly audit   'ansi-html': [ '0.0.7' ],
53 silly audit   'ansi-regex': [ '3.0.1', '2.1.1', '4.1.1' ],
53 silly audit   'ansi-styles': [ '3.2.1', '2.2.1' ],
53 silly audit   anymatch: [ '2.0.0', '3.1.3' ],
53 silly audit   'normalize-path': [ '2.1.1', '3.0.0' ],
53 silly audit   'append-transform': [ '0.4.0' ],
53 silly audit   aproba: [ '1.2.0' ],
53 silly audit   argparse: [ '1.0.10' ],
53 silly audit   'aria-query': [ '3.0.0' ],
53 silly audit   'arr-diff': [ '4.0.0', '2.0.0' ],
53 silly audit   'arr-flatten': [ '1.1.0' ],
53 silly audit   'arr-union': [ '3.1.0' ],
53 silly audit   'array-buffer-byte-length': [ '1.0.0' ],
53 silly audit   'array-equal': [ '1.0.2' ],
53 silly audit   'array-filter': [ '0.0.1' ],
53 silly audit   'array-flatten': [ '2.1.2', '1.1.1' ],
53 silly audit   'array-includes': [ '3.1.7' ],
53 silly audit   'array-map': [ '0.0.1' ],
53 silly audit   'array-reduce': [ '0.0.0' ],
53 silly audit   'array-union': [ '1.0.2' ],
53 silly audit   'array-uniq': [ '1.0.3' ],
53 silly audit   'array-unique': [ '0.3.2', '0.2.1' ],
53 silly audit   'array.prototype.reduce': [ '1.0.6' ],
53 silly audit   'arraybuffer.prototype.slice': [ '1.0.2' ],
53 silly audit   arrify: [ '1.0.1' ],
53 silly audit   asap: [ '2.0.6' ],
53 silly audit   asn1: [ '0.2.6' ],
53 silly audit   'asn1.js': [ '5.4.1' ],
53 silly audit   'bn.js': [ '4.12.0', '5.2.1' ],
53 silly audit   assert: [ '1.5.1' ],
53 silly audit   'assert-plus': [ '1.0.0' ],
53 silly audit   inherits: [ '2.0.3', '2.0.4' ],
53 silly audit   util: [ '0.10.4', '0.11.1' ],
53 silly audit   'assign-symbols': [ '1.0.0' ],
53 silly audit   'ast-types-flow': [ '0.0.7' ],
53 silly audit   'astral-regex': [ '1.0.0' ],
53 silly audit   async: [ '2.6.4' ],
53 silly audit   'async-each': [ '1.0.6' ],
53 silly audit   'async-limiter': [ '1.0.1' ],
53 silly audit   asynckit: [ '0.4.0' ],
53 silly audit   atob: [ '2.1.2' ],
53 silly audit   'autobind-decorator': [ '1.4.3' ],
53 silly audit   autoprefixer: [ '9.8.8' ],
53 silly audit   postcss: [ '7.0.39', '6.0.23' ],
53 silly audit   'postcss-value-parser': [ '4.2.0', '3.3.1' ],
53 silly audit   'source-map': [ '0.6.1', '0.5.7' ],
53 silly audit   'available-typed-arrays': [ '1.0.5' ],
53 silly audit   'aws-sign2': [ '0.7.0' ],
53 silly audit   aws4: [ '1.12.0' ],
53 silly audit   'axobject-query': [ '2.2.0' ],
53 silly audit   'babel-code-frame': [ '6.26.0' ],
53 silly audit   'js-tokens': [ '3.0.2', '4.0.0' ],
53 silly audit   'strip-ansi': [ '3.0.1', '5.2.0', '5.0.0', '4.0.0' ],
53 silly audit   'supports-color': [ '2.0.0', '3.2.3', '5.5.0' ],
53 silly audit   'babel-core': [ '7.0.0-bridge.0', '6.26.3' ],
53 silly audit   'babel-eslint': [ '9.0.0' ],
53 silly audit   'babel-extract-comments': [ '1.0.0' ],
53 silly audit   'babel-generator': [ '6.26.1' ],
53 silly audit   jsesc: [ '1.3.0', '2.5.2', '0.5.0' ],
53 silly audit   'babel-helpers': [ '6.24.1' ],
53 silly audit   'babel-jest': [ '23.6.0' ],
53 silly audit   'babel-loader': [ '8.0.4', '8.0.5' ],
53 silly audit   'babel-messages': [ '6.23.0' ],
53 silly audit   'babel-plugin-dynamic-import-node': [ '2.2.0' ],
53 silly audit   'babel-plugin-istanbul': [ '4.1.6' ],
53 silly audit   'babel-plugin-jest-hoist': [ '23.2.0' ],
53 silly audit   'babel-plugin-macros': [ '2.4.2', '2.5.0' ],
53 silly audit   'babel-plugin-named-asset-import': [ '0.2.3', '0.3.8' ],
53 silly audit   'babel-plugin-polyfill-corejs2': [ '0.4.8' ],
53 silly audit   'babel-plugin-polyfill-corejs3': [ '0.8.7' ],
53 silly audit   'babel-plugin-polyfill-regenerator': [ '0.5.5' ],
53 silly audit   'babel-plugin-syntax-object-rest-spread': [ '6.13.0' ],
53 silly audit   'babel-plugin-transform-object-rest-spread': [ '6.26.0' ],
53 silly audit   'babel-plugin-transform-react-remove-prop-types': [ '0.4.18', '0.4.24' ],
53 silly audit   'babel-preset-jest': [ '23.2.0' ],
53 silly audit   'babel-preset-react-app': [ '6.1.0', '7.0.2' ],
53 silly audit   'babel-register': [ '6.26.0' ],
53 silly audit   'source-map-support': [ '0.4.18', '0.5.21' ],
53 silly audit   'babel-runtime': [ '6.26.0' ],
53 silly audit   'regenerator-runtime': [ '0.11.1', '0.14.1', '0.12.1' ],
53 silly audit   'babel-template': [ '6.26.0' ],
53 silly audit   'babel-traverse': [ '6.26.0' ],
53 silly audit   globals: [ '9.18.0', '11.12.0' ],
53 silly audit   'babel-types': [ '6.26.0' ],
53 silly audit   'to-fast-properties': [ '1.0.3', '2.0.0' ],
53 silly audit   babylon: [ '6.18.0' ],
53 silly audit   'balanced-match': [ '1.0.2' ],
53 silly audit   base: [ '0.11.2' ],
53 silly audit   'define-property': [ '1.0.0', '0.2.5', '2.0.2' ],
53 silly audit   'base64-js': [ '1.5.1' ],
53 silly audit   batch: [ '0.6.1' ],
53 silly audit   'bcrypt-pbkdf': [ '1.0.2' ],
53 silly audit   bfj: [ '6.1.1' ],
53 silly audit   'bidi-js': [ '1.0.3' ],
53 silly audit   'big.js': [ '5.2.2', '3.2.0' ],
53 silly audit   'binary-extensions': [ '1.13.1', '2.2.0' ],
53 silly audit   bindings: [ '1.5.0' ],
53 silly audit   bluebird: [ '3.7.2' ],
53 silly audit   'body-parser': [ '1.20.1' ],
53 silly audit   bytes: [ '3.1.2', '3.0.0' ],
53 silly audit   qs: [ '6.11.0', '6.11.2', '6.5.3' ],
53 silly audit   bonjour: [ '3.5.0' ],
53 silly audit   boolbase: [ '1.0.0' ],
53 silly audit   'brace-expansion': [ '1.1.11' ],
53 silly audit   braces: [ '2.3.2', '1.8.5', '3.0.2' ],
53 silly audit   brorand: [ '1.1.0' ],
53 silly audit   'browser-process-hrtime': [ '1.0.0' ],
53 silly audit   'browser-resolve': [ '1.11.3' ],
53 silly audit   'browserify-aes': [ '1.2.0' ],
53 silly audit   'browserify-cipher': [ '1.0.1' ],
53 silly audit   'browserify-des': [ '1.0.2' ],
53 silly audit   'browserify-rsa': [ '4.1.0' ],
53 silly audit   'browserify-sign': [ '4.2.2' ],
53 silly audit   'readable-stream': [ '3.6.2', '2.3.8' ],
53 silly audit   'safe-buffer': [ '5.2.1', '5.1.2' ],
53 silly audit   'browserify-zlib': [ '0.2.0' ],
53 silly audit   browserslist: [ '4.22.2', '4.1.1', '4.4.1' ],
53 silly audit   bser: [ '2.1.1' ],
53 silly audit   buffer: [ '4.9.2' ],
53 silly audit   'buffer-from': [ '1.1.2' ],
53 silly audit   'buffer-indexof': [ '1.1.1' ],
53 silly audit   'buffer-xor': [ '1.0.3' ],
53 silly audit   isarray: [ '1.0.0', '0.0.1', '2.0.5' ],
53 silly audit   'builtin-status-codes': [ '3.0.0' ],
53 silly audit   cacache: [ '11.3.3', '12.0.4' ],
53 silly audit   'cache-base': [ '1.0.1' ],
53 silly audit   'call-bind': [ '1.0.5' ],
53 silly audit   'call-me-maybe': [ '1.0.2' ],
53 silly audit   'caller-callsite': [ '2.0.0' ],
53 silly audit   'caller-path': [ '2.0.0', '0.1.0' ],
53 silly audit   callsites: [ '2.0.0', '3.1.0', '0.2.0' ],
53 silly audit   'camel-case': [ '3.0.0' ],
53 silly audit   camelcase: [ '5.3.1', '4.1.0' ],
53 silly audit   'can-use-dom': [ '0.1.0' ],
53 silly audit   'caniuse-api': [ '3.0.0' ],
53 silly audit   'caniuse-lite': [ '1.0.30001579' ],
53 silly audit   'capture-exit': [ '1.2.0' ],
53 silly audit   'case-sensitive-paths-webpack-plugin': [ '2.1.2', '2.2.0' ],
53 silly audit   caseless: [ '0.12.0' ],
53 silly audit   chardet: [ '0.7.0', '0.4.2' ],
53 silly audit   'check-types': [ '7.4.0' ],
53 silly audit   chokidar: [ '2.1.8', '3.5.3' ],
53 silly audit   chownr: [ '1.1.4' ],
53 silly audit   'chrome-trace-event': [ '1.0.3' ],
53 silly audit   'ci-info': [ '1.6.0' ],
53 silly audit   'cipher-base': [ '1.0.4' ],
53 silly audit   'circular-json': [ '0.3.3' ],
53 silly audit   'class-utils': [ '0.3.6' ],
53 silly audit   'is-descriptor': [ '0.1.7', '1.0.3' ],
53 silly audit   classnames: [ '2.5.1' ],
53 silly audit   'clean-css': [ '4.2.4' ],
53 silly audit   'cli-cursor': [ '2.1.0' ],
53 silly audit   'cli-width': [ '2.2.1' ],
53 silly audit   cliui: [ '4.1.0' ],
53 silly audit   'clone-deep': [ '0.2.4', '2.0.2', '4.0.1' ],
53 silly audit   co: [ '4.6.0' ],
53 silly audit   coa: [ '2.0.2' ],
53 silly audit   'code-point-at': [ '1.1.0' ],
53 silly audit   'collection-visit': [ '1.0.0' ],
53 silly audit   color: [ '3.2.1' ],
53 silly audit   'color-convert': [ '1.9.3' ],
53 silly audit   'color-name': [ '1.1.3' ],
53 silly audit   'color-string': [ '1.9.1' ],
53 silly audit   'combined-stream': [ '1.0.8' ],
53 silly audit   commander: [ '2.20.3', '2.17.1', '2.19.0' ],
53 silly audit   'common-tags': [ '1.8.2' ],
53 silly audit   commondir: [ '1.0.1' ],
53 silly audit   'component-emitter': [ '1.3.1' ],
53 silly audit   compressible: [ '2.0.18' ],
53 silly audit   compression: [ '1.7.4' ],
53 silly audit   'concat-map': [ '0.0.1' ],
53 silly audit   'concat-stream': [ '1.6.2' ],
53 silly audit   'confusing-browser-globals': [ '1.0.11' ],
53 silly audit   'connect-history-api-fallback': [ '1.6.0' ],
53 silly audit   'console-browserify': [ '1.2.0' ],
53 silly audit   'constants-browserify': [ '1.0.0' ],
53 silly audit   'contains-path': [ '0.1.0' ],
53 silly audit   'content-disposition': [ '0.5.4' ],
53 silly audit   'content-type': [ '1.0.5' ],
53 silly audit   cookie: [ '0.5.0' ],
53 silly audit   'cookie-signature': [ '1.0.6' ],
53 silly audit   'copy-concurrently': [ '1.0.5' ],
53 silly audit   'copy-descriptor': [ '0.1.1' ],
53 silly audit   'core-js': [ '2.6.12', '2.5.7', '2.6.4' ],
53 silly audit   'core-js-compat': [ '3.35.0' ],
53 silly audit   'core-util-is': [ '1.0.3', '1.0.2' ],
53 silly audit   cosmiconfig: [ '5.2.1' ],
53 silly audit   'create-ecdh': [ '4.0.4' ],
53 silly audit   'create-hash': [ '1.2.0' ],
53 silly audit   'create-hmac': [ '1.1.7' ],
53 silly audit   'create-react-class': [ '15.7.0' ],
53 silly audit   'cross-spawn': [ '6.0.5', '5.1.0' ],
53 silly audit   'crypto-browserify': [ '3.12.0' ],
53 silly audit   'css-blank-pseudo': [ '0.1.4' ],
53 silly audit   'css-color-names': [ '0.0.4' ],
53 silly audit   'css-declaration-sorter': [ '4.0.1' ],
53 silly audit   'css-has-pseudo': [ '0.10.0' ],
53 silly audit   cssesc: [ '2.0.0', '3.0.0' ],
53 silly audit   'postcss-selector-parser': [ '5.0.0', '3.1.2', '6.0.15' ],
53 silly audit   'css-loader': [ '1.0.0' ],
53 silly audit   'css-prefers-color-scheme': [ '3.1.1' ],
53 silly audit   'css-select': [ '4.3.0', '2.1.0' ],
53 silly audit   'css-select-base-adapter': [ '0.1.1' ],
53 silly audit   'css-selector-tokenizer': [ '0.7.3' ],
53 silly audit   'css-tree': [ '2.3.1', '1.1.3', '1.0.0-alpha.37' ],
53 silly audit   'css-what': [ '6.1.0', '3.4.2' ],
53 silly audit   cssdb: [ '3.2.1', '4.4.0' ],
53 silly audit   cssnano: [ '4.1.11' ],
53 silly audit   'cssnano-preset-default': [ '4.0.8' ],
53 silly audit   'cssnano-util-get-arguments': [ '4.0.0' ],
53 silly audit   'cssnano-util-get-match': [ '4.0.0' ],
53 silly audit   'cssnano-util-raw-cache': [ '4.0.1' ],
53 silly audit   'cssnano-util-same-parent': [ '4.0.1' ],
53 silly audit   csso: [ '4.2.0' ],
53 silly audit   'mdn-data': [ '2.0.14', '2.0.30', '2.0.4' ],
53 silly audit   cssom: [ '0.3.8' ],
53 silly audit   cssstyle: [ '4.0.1', '1.4.0' ],
53 silly audit   cyclist: [ '1.0.2' ],
53 silly audit   'damerau-levenshtein': [ '1.0.8' ],
53 silly audit   dashdash: [ '1.14.1' ],
53 silly audit   'data-urls': [ '5.0.0', '1.1.0' ],
53 silly audit   decamelize: [ '1.2.0', '2.0.0' ],
53 silly audit   'decimal.js': [ '10.4.3' ],
53 silly audit   'decode-uri-component': [ '0.2.2' ],
53 silly audit   'deep-diff': [ '0.3.8' ],
53 silly audit   'deep-equal': [ '1.1.2' ],
53 silly audit   'deep-is': [ '0.1.4' ],
53 silly audit   'default-gateway': [ '2.7.2' ],
53 silly audit   'default-require-extensions': [ '1.0.0' ],
53 silly audit   'define-data-property': [ '1.1.1' ],
53 silly audit   'define-properties': [ '1.2.1' ],
53 silly audit   del: [ '3.0.0' ],
53 silly audit   globby: [ '6.1.0', '8.0.1', '8.0.2' ],
53 silly audit   pify: [ '2.3.0', '3.0.0', '4.0.1' ],
53 silly audit   'delayed-stream': [ '1.0.0' ],
53 silly audit   depd: [ '2.0.0', '1.1.2' ],
53 silly audit   'des.js': [ '1.1.0' ],
53 silly audit   destroy: [ '1.2.0' ],
53 silly audit   'detect-indent': [ '4.0.0' ],
53 silly audit   'detect-newline': [ '2.1.0' ],
53 silly audit   'detect-node': [ '2.1.0' ],
53 silly audit   'detect-port-alt': [ '1.1.6' ],
53 silly audit   diff: [ '3.5.0' ],
53 silly audit   'diffie-hellman': [ '5.0.3' ],
53 silly audit   'dir-glob': [ '2.2.2', '2.0.0' ],
53 silly audit   dlv: [ '1.1.3' ],
53 silly audit   'dns-equal': [ '1.0.0' ],
53 silly audit   'dns-packet': [ '1.3.4' ],
53 silly audit   'dns-txt': [ '2.0.2' ],
53 silly audit   doctrine: [ '2.1.0', '1.5.0' ],
53 silly audit   'dom-converter': [ '0.2.0' ],
53 silly audit   'dom-helpers': [ '3.4.0' ],
53 silly audit   'dom-serializer': [ '1.4.1', '0.2.2' ],
53 silly audit   entities: [ '2.2.0', '4.5.0' ],
53 silly audit   'domain-browser': [ '1.2.0' ],
53 silly audit   domelementtype: [ '2.3.0', '1.3.1' ],
53 silly audit   domexception: [ '1.0.1' ],
53 silly audit   'webidl-conversions': [ '4.0.2', '7.0.0' ],
53 silly audit   domhandler: [ '4.3.1' ],
53 silly audit   domutils: [ '2.8.0', '1.7.0' ],
53 silly audit   'dot-prop': [ '5.3.0' ],
53 silly audit   'is-obj': [ '2.0.0', '1.0.1' ],
53 silly audit   dotenv: [ '6.0.0' ],
53 silly audit   'dotenv-expand': [ '4.2.0' ],
53 silly audit   duplexer: [ '0.1.2' ],
53 silly audit   duplexify: [ '3.7.1' ],
53 silly audit   'ecc-jsbn': [ '0.1.2' ],
53 silly audit   'ee-first': [ '1.1.1' ],
53 silly audit   'electron-to-chromium': [ '1.4.637' ],
53 silly audit   elliptic: [ '6.5.4' ],
53 silly audit   'emoji-regex': [ '6.5.1', '7.0.3' ],
53 silly audit   'emojis-list': [ '3.0.0', '2.1.0' ],
53 silly audit   encodeurl: [ '1.0.2' ],
53 silly audit   encoding: [ '0.1.13' ],
53 silly audit   'iconv-lite': [ '0.6.3', '0.4.24' ],
53 silly audit   'end-of-stream': [ '1.4.4' ],
53 silly audit   'enhanced-resolve': [ '4.5.0' ],
53 silly audit   'memory-fs': [ '0.5.0', '0.4.1' ],
53 silly audit   'enquire.js': [ '2.1.6' ],
53 silly audit   errno: [ '0.1.8' ],
53 silly audit   'error-ex': [ '1.3.2' ],
53 silly audit   'es-abstract': [ '1.22.3' ],
53 silly audit   'es-array-method-boxes-properly': [ '1.0.0' ],
53 silly audit   'es-set-tostringtag': [ '2.0.2' ],
53 silly audit   'es-to-primitive': [ '1.2.1' ],
53 silly audit   'es6-promise': [ '4.2.8' ],
53 silly audit   escalade: [ '3.1.1' ],
53 silly audit   'escape-html': [ '1.0.3' ],
53 silly audit   'escape-string-regexp': [ '1.0.5', '2.0.0' ],
53 silly audit   escodegen: [ '1.14.3' ],
53 silly audit   eslint: [ '5.6.0', '4.19.1', '5.12.0' ],
53 silly audit   'eslint-config-react-app': [ '3.0.8' ],
53 silly audit   'eslint-import-resolver-node': [ '0.3.9' ],
53 silly audit   'eslint-loader': [ '2.1.1' ],
53 silly audit   'eslint-module-utils': [ '2.8.0' ],
53 silly audit   'eslint-plugin-flowtype': [ '2.50.1' ],
53 silly audit   'eslint-plugin-import': [ '2.14.0' ],
53 silly audit   'eslint-plugin-jsx-a11y': [ '6.1.2' ],
53 silly audit   'eslint-plugin-react': [ '7.11.1', '7.12.4' ],
53 silly audit   'eslint-scope': [ '3.7.1', '4.0.3' ],
53 silly audit   'eslint-utils': [ '1.4.3' ],
53 silly audit   'eslint-visitor-keys': [ '1.3.0' ],
53 silly audit   espree: [ '4.1.0', '3.5.4', '5.0.1' ],
53 silly audit   esprima: [ '4.0.1' ],
53 silly audit   esquery: [ '1.5.0' ],
53 silly audit   estraverse: [ '5.3.0', '4.3.0' ],
53 silly audit   esrecurse: [ '4.3.0' ],
53 silly audit   esutils: [ '2.0.3' ],
53 silly audit   etag: [ '1.8.1' ],
53 silly audit   eventemitter3: [ '4.0.7' ],
53 silly audit   events: [ '3.3.0' ],
53 silly audit   eventsource: [ '0.1.6', '1.1.2' ],
53 silly audit   evp_bytestokey: [ '1.0.3' ],
53 silly audit   'exec-sh': [ '0.2.2' ],
53 silly audit   execa: [ '0.10.0', '1.0.0' ],
53 silly audit   exenv: [ '1.2.2' ],
53 silly audit   exit: [ '0.1.2' ],
53 silly audit   'expand-brackets': [ '2.1.4', '0.1.5' ],
53 silly audit   'expand-range': [ '1.8.2' ],
53 silly audit   'fill-range': [ '2.2.4', '4.0.0', '7.0.1' ],
53 silly audit   'is-number': [ '2.1.0', '3.0.0', '4.0.0', '7.0.0' ],
53 silly audit   isobject: [ '2.1.0', '3.0.1' ],
53 silly audit   'expand-tilde': [ '2.0.2' ],
53 silly audit   expect: [ '23.6.0' ],
53 silly audit   express: [ '4.18.2' ],
53 silly audit   'path-to-regexp': [ '0.1.7', '1.8.0' ],
53 silly audit   extend: [ '3.0.2' ],
53 silly audit   'extend-shallow': [ '2.0.1', '3.0.2' ],
53 silly audit   'external-editor': [ '3.1.0', '2.2.0' ],
53 silly audit   extglob: [ '2.0.4', '0.3.2' ],
53 silly audit   extsprintf: [ '1.3.0' ],
53 silly audit   'fast-deep-equal': [ '3.1.3', '1.1.0' ],
53 silly audit   'fast-glob': [ '2.2.7' ],
53 silly audit   'fast-json-stable-stringify': [ '2.1.0' ],
53 silly audit   'fast-levenshtein': [ '2.0.6' ],
53 silly audit   fastparse: [ '1.1.2' ],
53 silly audit   'faye-websocket': [ '0.11.4', '0.10.0' ],
53 silly audit   'fb-watchman': [ '2.0.2' ],
53 silly audit   'fetch-instagram': [ '1.0.0-alpha.3' ],
53 silly audit   'figgy-pudding': [ '3.5.2' ],
53 silly audit   figures: [ '2.0.0' ],
53 silly audit   'file-entry-cache': [ '2.0.0' ],
53 silly audit   'file-loader': [ '2.0.0' ],
53 silly audit   'file-uri-to-path': [ '1.0.0' ],
53 silly audit   'filename-regex': [ '2.0.1' ],
53 silly audit   fileset: [ '2.0.3' ],
53 silly audit   filesize: [ '3.6.1' ],
53 silly audit   finalhandler: [ '1.2.0' ],
53 silly audit   'find-cache-dir': [ '1.0.0', '0.1.1', '2.1.0' ],
53 silly audit   'find-up': [ '2.1.0', '1.1.2', '3.0.0' ],
53 silly audit   'flat-cache': [ '1.3.4' ],
53 silly audit   rimraf: [ '2.6.3', '2.7.1' ],
53 silly audit   flatten: [ '1.0.3' ],
53 silly audit   'flush-write-stream': [ '1.1.1' ],
53 silly audit   'focus-trap': [ '3.0.0' ],
53 silly audit   'focus-trap-react': [ '4.0.1' ],
53 silly audit   'follow-redirects': [ '1.15.5' ],
53 silly audit   'for-each': [ '0.3.3' ],
53 silly audit   'for-in': [ '1.0.2', '0.1.8' ],
53 silly audit   'for-own': [ '0.1.5', '1.0.0' ],
53 silly audit   'forever-agent': [ '0.6.1' ],
53 silly audit   'fork-ts-checker-webpack-plugin': [ '1.0.0-alpha.6' ],
53 silly audit   'fork-ts-checker-webpack-plugin-alt': [ '0.4.14' ],
53 silly audit   'form-data': [ '4.0.0', '2.3.3' ],
53 silly audit   forwarded: [ '0.2.0' ],
53 silly audit   'fragment-cache': [ '0.2.1' ],
53 silly audit   fresh: [ '0.5.2' ],
53 silly audit   from2: [ '2.3.0' ],
53 silly audit   'fs-extra': [ '7.0.0', '7.0.1', '4.0.3' ],
53 silly audit   'fs-write-stream-atomic': [ '1.0.10' ],
53 silly audit   'fs.realpath': [ '1.0.0' ],
53 silly audit   fsevents: [ '1.2.13', '2.3.3', '1.2.4' ],
53 silly audit   'function-bind': [ '1.1.2' ],
53 silly audit   'function.prototype.name': [ '1.1.6' ],
53 silly audit   'functional-red-black-tree': [ '1.0.1' ],
53 silly audit   'functions-have-names': [ '1.2.3' ],
53 silly audit   gensync: [ '1.0.0-beta.2' ],
53 silly audit   'get-caller-file': [ '1.0.3' ],
53 silly audit   'get-intrinsic': [ '1.2.2' ],
53 silly audit   'get-own-enumerable-property-symbols': [ '3.0.2' ],
53 silly audit   'get-stdin': [ '5.0.1' ],
53 silly audit   'get-stream': [ '3.0.0', '4.1.0' ],
53 silly audit   'get-symbol-description': [ '1.0.0' ],
53 silly audit   'get-value': [ '2.0.6' ],
53 silly audit   getpass: [ '0.1.7' ],
53 silly audit   glob: [ '7.2.3', '7.0.6' ],
53 silly audit   'glob-base': [ '0.3.0' ],
53 silly audit   'glob-parent': [ '2.0.0', '3.1.0', '5.1.2' ],
53 silly audit   'is-extglob': [ '1.0.0', '2.1.1' ],
53 silly audit   'is-glob': [ '2.0.1', '3.1.0', '4.0.3' ],
53 silly audit   'glob-to-regexp': [ '0.3.0' ],
53 silly audit   'global-modules': [ '1.0.0', '2.0.0' ],
53 silly audit   'global-prefix': [ '1.0.2', '3.0.0' ],
53 silly audit   globalthis: [ '1.0.3' ],
53 silly audit   ignore: [ '3.3.10', '4.0.6' ],
53 silly audit   gopd: [ '1.0.1' ],
53 silly audit   'graceful-fs': [ '4.2.11' ],
53 silly audit   growly: [ '1.3.0' ],
53 silly audit   'gzip-size': [ '5.0.0' ],
53 silly audit   'h2x-core': [ '1.1.1' ],
53 silly audit   'h2x-generate': [ '1.1.0' ],
53 silly audit   'h2x-parse': [ '1.1.1' ],
53 silly audit   'h2x-plugin-jsx': [ '1.2.0' ],
53 silly audit   'h2x-traverse': [ '1.1.0' ],
53 silly audit   'h2x-types': [ '1.1.0' ],
53 silly audit   'handle-thing': [ '1.2.5', '2.0.1' ],
53 silly audit   handlebars: [ '4.7.8' ],
53 silly audit   'har-schema': [ '2.0.0' ],
53 silly audit   'har-validator': [ '5.1.5' ],
53 silly audit   'harmony-reflect': [ '1.6.2' ],
53 silly audit   has: [ '1.0.4' ],
53 silly audit   'has-ansi': [ '2.0.0' ],
53 silly audit   'has-bigints': [ '1.0.2' ],
53 silly audit   'has-flag': [ '3.0.0', '1.0.0' ],
53 silly audit   'has-property-descriptors': [ '1.0.1' ],
53 silly audit   'has-proto': [ '1.0.1' ],
53 silly audit   'has-symbols': [ '1.0.3' ],
53 silly audit   'has-tostringtag': [ '1.0.0' ],
53 silly audit   'has-value': [ '1.0.0', '0.3.1' ],
53 silly audit   'has-values': [ '1.0.0', '0.1.4' ],
53 silly audit   'kind-of': [ '4.0.0', '3.2.2', '6.0.3', '5.1.0', '2.0.1' ],
53 silly audit   'hash-base': [ '3.1.0' ],
53 silly audit   'hash.js': [ '1.1.7' ],
53 silly audit   hasown: [ '2.0.0' ],
53 silly audit   he: [ '1.2.0' ],
53 silly audit   'hex-color-regex': [ '1.1.0' ],
53 silly audit   history: [ '4.10.1' ],
53 silly audit   'hmac-drbg': [ '1.0.1' ],
53 silly audit   hoek: [ '4.3.1' ],
53 silly audit   'hoist-non-react-statics': [ '1.2.0', '3.3.2', '2.5.5' ],
53 silly audit   'home-or-tmp': [ '2.0.0' ],
53 silly audit   'homedir-polyfill': [ '1.0.3' ],
53 silly audit   hoopy: [ '0.1.4' ],
53 silly audit   'hosted-git-info': [ '2.8.9' ],
53 silly audit   'hpack.js': [ '2.1.6' ],
53 silly audit   'hsl-regex': [ '1.0.0' ],
53 silly audit   'hsla-regex': [ '1.0.0' ],
53 silly audit   'html-encoding-sniffer': [ '4.0.0', '1.0.2' ],
53 silly audit   'html-entities': [ '1.4.0' ],
53 silly audit   'html-minifier': [ '3.5.21' ],
53 silly audit   'html-webpack-plugin': [ '4.0.0-alpha.2' ],
53 silly audit   'util.promisify': [ '1.0.0', '1.0.1', '1.1.2' ],
53 silly audit   htmlparser2: [ '6.1.0' ],
53 silly audit   'http-deceiver': [ '1.2.7' ],
53 silly audit   'http-errors': [ '2.0.0', '1.6.3' ],
53 silly audit   'http-parser-js': [ '0.5.8' ],
53 silly audit   'http-proxy': [ '1.18.1' ],
53 silly audit   'http-proxy-agent': [ '7.0.0' ],
53 silly audit   'http-proxy-middleware': [ '0.18.0' ],
53 silly audit   'http-signature': [ '1.2.0' ],
53 silly audit   'https-browserify': [ '1.0.0' ],
53 silly audit   'https-proxy-agent': [ '7.0.2' ],
53 silly audit   'icss-replace-symbols': [ '1.1.0' ],
53 silly audit   'icss-utils': [ '2.1.0' ],
53 silly audit   'identity-obj-proxy': [ '3.0.0' ],
53 silly audit   ieee754: [ '1.2.1' ],
53 silly audit   iferr: [ '0.1.5' ],
53 silly audit   immer: [ '1.7.2', '1.10.0' ],
53 silly audit   immutable: [ '4.3.4' ],
53 silly audit   'import-cwd': [ '2.1.0' ],
53 silly audit   'import-fresh': [ '2.0.0', '3.3.0' ],
53 silly audit   'import-from': [ '2.1.0' ],
53 silly audit   'import-local': [ '1.0.0', '2.0.0' ],
53 silly audit   imurmurhash: [ '0.1.4' ],
53 silly audit   'indent-string': [ '3.2.0' ],
53 silly audit   'indexes-of': [ '1.0.1' ],
53 silly audit   'infer-owner': [ '1.0.4' ],
53 silly audit   inflight: [ '1.0.6' ],
53 silly audit   ini: [ '1.3.8' ],
53 silly audit   inquirer: [ '6.5.2', '3.3.0', '6.2.0', '6.2.1' ],
53 silly audit   'instafeed.js': [ '1.4.1' ],
53 silly audit   'instagram-api': [ '1.0.3' ],
53 silly audit   'internal-ip': [ '3.0.1' ],
53 silly audit   'internal-slot': [ '1.0.6' ],
53 silly audit   invariant: [ '2.2.4' ],
53 silly audit   'invert-kv': [ '2.0.0' ],
53 silly audit   ip: [ '1.1.8' ],
53 silly audit   'ip-regex': [ '2.1.0' ],
53 silly audit   'ipaddr.js': [ '1.9.1' ],
53 silly audit   'is-absolute-url': [ '2.1.0' ],
53 silly audit   'is-accessor-descriptor': [ '1.0.1' ],
53 silly audit   'is-arguments': [ '1.1.1' ],
53 silly audit   'is-array-buffer': [ '3.0.2' ],
53 silly audit   'is-arrayish': [ '0.2.1', '0.3.2' ],
53 silly audit   'is-bigint': [ '1.0.4' ],
53 silly audit   'is-binary-path': [ '1.0.1', '2.1.0' ],
53 silly audit   'is-boolean-object': [ '1.1.2' ],
53 silly audit   'is-buffer': [ '1.1.6' ],
53 silly audit   'is-callable': [ '1.2.7' ],
53 silly audit   'is-ci': [ '1.2.1' ],
53 silly audit   'is-color-stop': [ '1.1.0' ],
53 silly audit   'is-core-module': [ '2.13.1' ],
53 silly audit   'is-data-descriptor': [ '1.0.1' ],
53 silly audit   'is-date-object': [ '1.0.5' ],
53 silly audit   'is-directory': [ '0.3.1' ],
53 silly audit   'is-dotfile': [ '1.0.3' ],
53 silly audit   'is-equal-shallow': [ '0.1.3' ],
53 silly audit   'is-extendable': [ '0.1.1', '1.0.1' ],
53 silly audit   'is-finite': [ '1.1.0' ],
53 silly audit   'is-fullwidth-code-point': [ '2.0.0', '1.0.0' ],
53 silly audit   'is-generator-fn': [ '1.0.0' ],
53 silly audit   'is-negative-zero': [ '2.0.2' ],
53 silly audit   'is-number-object': [ '1.0.7' ],
53 silly audit   'is-path-cwd': [ '1.0.0' ],
53 silly audit   'is-path-in-cwd': [ '1.0.1' ],
53 silly audit   'is-path-inside': [ '1.0.1' ],
53 silly audit   'is-plain-object': [ '2.0.4' ],
53 silly audit   'is-posix-bracket': [ '0.1.1' ],
53 silly audit   'is-potential-custom-element-name': [ '1.0.1' ],
53 silly audit   'is-primitive': [ '2.0.0' ],
53 silly audit   'is-regex': [ '1.1.4' ],
53 silly audit   'is-regexp': [ '1.0.0' ],
53 silly audit   'is-resolvable': [ '1.1.0' ],
53 silly audit   'is-root': [ '2.0.0' ],
53 silly audit   'is-shared-array-buffer': [ '1.0.2' ],
53 silly audit   'is-stream': [ '1.1.0' ],
53 silly audit   'is-string': [ '1.0.7' ],
53 silly audit   'is-symbol': [ '1.0.4' ],
53 silly audit   'is-typed-array': [ '1.1.12' ],
53 silly audit   'is-typedarray': [ '1.0.0' ],
53 silly audit   'is-utf8': [ '0.2.1' ],
53 silly audit   'is-weakref': [ '1.0.2' ],
53 silly audit   'is-windows': [ '1.0.2' ],
53 silly audit   'is-wsl': [ '1.1.0' ],
53 silly audit   isemail: [ '3.2.0' ],
53 silly audit   isexe: [ '2.0.0' ],
53 silly audit   'isomorphic-fetch': [ '2.2.1' ],
53 silly audit   isstream: [ '0.1.2' ],
53 silly audit   'istanbul-api': [ '1.3.7' ],
53 silly audit   'istanbul-lib-coverage': [ '1.2.1' ],
53 silly audit   'istanbul-lib-hook': [ '1.2.2' ],
53 silly audit   'istanbul-lib-instrument': [ '1.10.2' ],
53 silly audit   'istanbul-lib-report': [ '1.1.5' ],
53 silly audit   'istanbul-lib-source-maps': [ '1.2.6' ],
53 silly audit   'istanbul-reports': [ '1.5.1' ],
53 silly audit   jest: [ '23.6.0' ],
53 silly audit   'jest-changed-files': [ '23.4.2' ],
53 silly audit   'jest-cli': [ '23.6.0' ],
53 silly audit   micromatch: [ '2.3.11', '3.1.10' ],
53 silly audit   'jest-config': [ '23.6.0' ],
53 silly audit   'jest-diff': [ '23.6.0' ],
53 silly audit   'jest-docblock': [ '23.2.0' ],
53 silly audit   'jest-each': [ '23.6.0' ],
53 silly audit   'jest-environment-jsdom': [ '23.4.0' ],
53 silly audit   'whatwg-url': [ '7.1.0', '6.5.0', '14.0.0' ],
53 silly audit   jsdom: [ '11.12.0', '23.2.0' ],
53 silly audit   parse5: [ '4.0.0', '7.1.2' ],
53 silly audit   'tough-cookie': [ '2.5.0', '4.1.3' ],
53 silly audit   tr46: [ '1.0.1', '5.0.0' ],
53 silly audit   'whatwg-encoding': [ '1.0.5', '3.1.1' ],
53 silly audit   'whatwg-mimetype': [ '2.3.0', '4.0.0' ],
53 silly audit   ws: [ '5.2.3', '8.16.0' ],
53 silly audit   'xml-name-validator': [ '3.0.0', '5.0.0' ],
53 silly audit   'jest-environment-node': [ '23.4.0' ],
53 silly audit   'jest-get-type': [ '22.4.3' ],
53 silly audit   'jest-haste-map': [ '23.6.0' ],
53 silly audit   'jest-jasmine2': [ '23.6.0' ],
53 silly audit   'jest-leak-detector': [ '23.6.0' ],
53 silly audit   'jest-matcher-utils': [ '23.6.0' ],
53 silly audit   'jest-message-util': [ '23.4.0' ],
53 silly audit   'jest-mock': [ '23.2.0' ],
53 silly audit   'jest-pnp-resolver': [ '1.0.1', '1.0.2' ],
53 silly audit   'jest-regex-util': [ '23.3.0' ],
53 silly audit   'jest-resolve': [ '23.6.0' ],
53 silly audit   'jest-resolve-dependencies': [ '23.6.0' ],
53 silly audit   'jest-runner': [ '23.6.0' ],
53 silly audit   'jest-runtime': [ '23.6.0' ],
53 silly audit   'strip-bom': [ '3.0.0', '2.0.0' ],
53 silly audit   'jest-serializer': [ '23.0.1' ],
53 silly audit   'jest-snapshot': [ '23.6.0' ],
53 silly audit   'jest-util': [ '23.4.0' ],
53 silly audit   'jest-validate': [ '23.6.0' ],
53 silly audit   'jest-watch-typeahead': [ '0.2.1' ],
53 silly audit   slash: [ '2.0.0', '1.0.0' ],
53 silly audit   'jest-watcher': [ '23.4.0' ],
53 silly audit   'jest-worker': [ '23.2.0' ],
53 silly audit   joi: [ '11.4.0' ],
53 silly audit   'js-image-zoom': [ '0.5.0' ],
53 silly audit   'js-levenshtein': [ '1.1.6' ],
53 silly audit   'js-yaml': [ '3.14.1' ],
53 silly audit   jsbn: [ '0.1.1' ],
53 silly audit   'json-parse-better-errors': [ '1.0.2' ],
53 silly audit   'json-schema': [ '0.4.0' ],
53 silly audit   'json-schema-traverse': [ '0.4.1', '0.3.1' ],
53 silly audit   'json-stable-stringify': [ '1.1.1' ],
53 silly audit   'json-stable-stringify-without-jsonify': [ '1.0.1' ],
53 silly audit   'json-stringify-safe': [ '5.0.1' ],
53 silly audit   json2mq: [ '0.2.0' ],
53 silly audit   json3: [ '3.3.3' ],
53 silly audit   jsonfile: [ '4.0.0' ],
53 silly audit   jsonify: [ '0.0.1' ],
53 silly audit   jsprim: [ '1.4.2' ],
53 silly audit   'jsx-ast-utils': [ '2.4.1' ],
53 silly audit   killable: [ '1.0.1' ],
53 silly audit   kleur: [ '2.0.2' ],
53 silly audit   'last-call-webpack-plugin': [ '3.0.0' ],
53 silly audit   'lazy-cache': [ '1.0.4', '0.2.7' ],
53 silly audit   lcid: [ '2.0.0' ],
53 silly audit   'left-pad': [ '1.3.0' ],
53 silly audit   leven: [ '2.1.0' ],
53 silly audit   levn: [ '0.3.0' ],
53 silly audit   'load-json-file': [ '2.0.0', '1.1.0' ],
53 silly audit   'parse-json': [ '2.2.0', '4.0.0' ],
53 silly audit   'loader-fs-cache': [ '1.0.3' ],
53 silly audit   'path-exists': [ '2.1.0', '3.0.0' ],
53 silly audit   'pkg-dir': [ '1.0.0', '2.0.0', '3.0.0' ],
53 silly audit   'loader-runner': [ '2.4.0' ],
53 silly audit   'loader-utils': [ '1.4.2', '1.1.0', '1.2.3' ],
53 silly audit   'locate-path': [ '2.0.0', '3.0.0' ],
53 silly audit   lodash: [ '4.17.21' ],
53 silly audit   'lodash._getnative': [ '3.9.1' ],
53 silly audit   'lodash._reinterpolate': [ '3.0.0' ],
53 silly audit   'lodash.camelcase': [ '4.3.0' ],
53 silly audit   'lodash.debounce': [ '4.0.8' ],
53 silly audit   'lodash.isarguments': [ '3.1.0' ],
53 silly audit   'lodash.isarray': [ '3.0.4' ],
53 silly audit   'lodash.keys': [ '3.1.2' ],
53 silly audit   'lodash.memoize': [ '4.1.2' ],
53 silly audit   'lodash.merge': [ '4.6.2' ],
53 silly audit   'lodash.sortby': [ '4.7.0' ],
53 silly audit   'lodash.tail': [ '4.1.1' ],
53 silly audit   'lodash.template': [ '4.5.0' ],
53 silly audit   'lodash.templatesettings': [ '4.2.0' ],
53 silly audit   'lodash.unescape': [ '4.0.1' ],
53 silly audit   'lodash.uniq': [ '4.5.0' ],
53 silly audit   loglevel: [ '1.8.1' ],
53 silly audit   'loglevel-colored-level-prefix': [ '1.0.0' ],
53 silly audit   'loose-envify': [ '1.4.0' ],
53 silly audit   'lower-case': [ '1.1.4' ],
53 silly audit   'lru-cache': [ '5.1.1', '4.1.5' ],
53 silly audit   'make-dir': [ '1.3.0', '2.1.0' ],
53 silly audit   'make-plural': [ '4.3.0' ],
53 silly audit   makeerror: [ '1.0.12' ],
53 silly audit   'map-age-cleaner': [ '0.1.3' ],
53 silly audit   'map-cache': [ '0.2.2' ],
53 silly audit   'map-visit': [ '1.0.0' ],
53 silly audit   'math-random': [ '1.0.4' ],
53 silly audit   'md5.js': [ '1.3.5' ],
53 silly audit   'media-typer': [ '0.3.0' ],
53 silly audit   mem: [ '4.3.0' ],
53 silly audit   'mimic-fn': [ '2.1.0', '1.2.0' ],
53 silly audit   merge: [ '1.2.1' ],
53 silly audit   'merge-deep': [ '3.0.3' ],
53 silly audit   'merge-descriptors': [ '1.0.1' ],
53 silly audit   'merge-stream': [ '1.0.1' ],
53 silly audit   merge2: [ '1.4.1' ],
53 silly audit   messageformat: [ '1.1.1' ],
53 silly audit   'messageformat-parser': [ '1.1.0' ],
53 silly audit   methods: [ '1.1.2' ],
53 silly audit   'miller-rabin': [ '4.0.1' ],
53 silly audit   mime: [ '2.6.0', '1.6.0' ],
53 silly audit   'mime-db': [ '1.52.0' ],
53 silly audit   'mime-types': [ '2.1.35' ],
53 silly audit   'mini-css-extract-plugin': [ '0.4.3', '0.5.0' ],
53 silly audit   'minimalistic-assert': [ '1.0.1' ],
53 silly audit   'minimalistic-crypto-utils': [ '1.0.1' ],
53 silly audit   minimatch: [ '3.1.2', '3.0.4' ],
53 silly audit   minimist: [ '1.2.8', '1.2.0' ],
53 silly audit   mississippi: [ '3.0.0' ],
53 silly audit   'mixin-deep': [ '1.3.2' ],
53 silly audit   'mixin-object': [ '2.0.1' ],
53 silly audit   mkdirp: [ '0.5.6' ],
53 silly audit   'move-concurrently': [ '1.0.1' ],
53 silly audit   'multicast-dns': [ '6.2.3' ],
53 silly audit   'multicast-dns-service-types': [ '1.1.0' ],
53 silly audit   'mute-stream': [ '0.0.7' ],
53 silly audit   nan: [ '2.18.0' ],
53 silly audit   nanomatch: [ '1.2.13' ],
53 silly audit   'natural-compare': [ '1.4.0' ],
53 silly audit   negotiator: [ '0.6.3' ],
53 silly audit   'neo-async': [ '2.6.2' ],
53 silly audit   'nice-try': [ '1.0.5' ],
53 silly audit   'no-case': [ '2.3.2' ],
53 silly audit   'no-scroll': [ '2.1.1' ],
53 silly audit   'node-fetch': [ '1.7.3' ],
53 silly audit   'node-forge': [ '0.10.0' ],
53 silly audit   'node-int64': [ '0.4.0' ],
53 silly audit   'node-libs-browser': [ '2.2.1' ],
53 silly audit   punycode: [ '1.4.1', '2.3.1' ],
53 silly audit   'node-notifier': [ '5.4.5' ],
53 silly audit   'node-releases': [ '2.0.14', '1.1.77' ],
53 silly audit   nopt: [ '3.0.6' ],
53 silly audit   'normalize-package-data': [ '2.5.0' ],
53 silly audit   'normalize-range': [ '0.1.2' ],
53 silly audit   'normalize-url': [ '3.3.0' ],
53 silly audit   'npm-run-path': [ '2.0.2' ],
53 silly audit   'nth-check': [ '2.1.1', '1.0.2' ],
53 silly audit   num2fraction: [ '1.2.2' ],
53 silly audit   'number-is-nan': [ '1.0.1' ],
53 silly audit   nwsapi: [ '2.2.7' ],
53 silly audit   'oauth-sign': [ '0.9.0' ],
53 silly audit   'object-assign': [ '4.1.1' ],
53 silly audit   'object-copy': [ '0.1.0' ],
53 silly audit   'object-hash': [ '1.3.1' ],
53 silly audit   'object-inspect': [ '1.13.1' ],
53 silly audit   'object-is': [ '1.1.5' ],
53 silly audit   'object-keys': [ '1.1.1' ],
53 silly audit   'object-visit': [ '1.0.1' ],
53 silly audit   'object.assign': [ '4.1.5' ],
53 silly audit   'object.fromentries': [ '2.0.7' ],
53 silly audit   'object.getownpropertydescriptors': [ '2.1.7' ],
53 silly audit   'object.omit': [ '2.0.1' ],
53 silly audit   'object.pick': [ '1.3.0' ],
53 silly audit   'object.values': [ '1.1.7' ],
53 silly audit   obuf: [ '1.1.2' ],
53 silly audit   'on-finished': [ '2.4.1' ],
53 silly audit   'on-headers': [ '1.0.2' ],
53 silly audit   once: [ '1.4.0' ],
53 silly audit   onetime: [ '2.0.1' ],
53 silly audit   opn: [ '5.4.0' ],
53 silly audit   'optimize-css-assets-webpack-plugin': [ '5.0.1' ],
53 silly audit   optionator: [ '0.8.3' ],
53 silly audit   original: [ '1.0.2' ],
53 silly audit   'os-browserify': [ '0.3.0' ],
53 silly audit   'os-homedir': [ '1.0.2' ],
53 silly audit   'os-locale': [ '3.1.0' ],
53 silly audit   'os-tmpdir': [ '1.0.2' ],
53 silly audit   'p-defer': [ '1.0.0' ],
53 silly audit   'p-finally': [ '1.0.0' ],
53 silly audit   'p-is-promise': [ '2.1.0' ],
53 silly audit   'p-limit': [ '1.3.0', '2.3.0' ],
53 silly audit   'p-locate': [ '2.0.0', '3.0.0' ],
53 silly audit   'p-map': [ '1.2.0' ],
53 silly audit   'p-try': [ '1.0.0', '2.2.0' ],
53 silly audit   pako: [ '1.0.11' ],
53 silly audit   'parallel-transform': [ '1.2.0' ],
53 silly audit   'param-case': [ '2.1.1' ],
53 silly audit   'parent-module': [ '1.0.1' ],
53 silly audit   'parse-asn1': [ '5.1.6' ],
53 silly audit   'parse-glob': [ '3.0.4' ],
53 silly audit   'parse-passwd': [ '1.0.0' ],
53 silly audit   parseurl: [ '1.3.3' ],
53 silly audit   pascalcase: [ '0.1.1' ],
53 silly audit   'path-browserify': [ '0.0.1' ],
53 silly audit   'path-dirname': [ '1.0.2' ],
53 silly audit   'path-is-absolute': [ '1.0.1' ],
53 silly audit   'path-is-inside': [ '1.0.2' ],
53 silly audit   'path-key': [ '2.0.1' ],
53 silly audit   'path-parse': [ '1.0.7' ],
53 silly audit   'path-type': [ '3.0.0', '2.0.0', '1.1.0' ],
53 silly audit   pbkdf2: [ '3.1.2' ],
53 silly audit   'performance-now': [ '2.1.0', '0.2.0' ],
53 silly audit   picocolors: [ '0.2.1', '1.0.0' ],
53 silly audit   picomatch: [ '2.3.1' ],
53 silly audit   pinkie: [ '2.0.4' ],
53 silly audit   'pinkie-promise': [ '2.0.1' ],
53 silly audit   'pkg-up': [ '2.0.0' ],
53 silly audit   pluralize: [ '7.0.0' ],
53 silly audit   pn: [ '1.1.0' ],
53 silly audit   'pnp-webpack-plugin': [ '1.1.0', '1.2.1' ],
53 silly audit   portfinder: [ '1.0.32' ],
53 silly audit   'posix-character-classes': [ '0.1.1' ],
53 silly audit   'postcss-attribute-case-insensitive': [ '4.0.2' ],
53 silly audit   'postcss-calc': [ '7.0.5' ],
53 silly audit   'postcss-color-functional-notation': [ '2.0.1' ],
53 silly audit   'postcss-color-gray': [ '5.0.0' ],
53 silly audit   'postcss-color-hex-alpha': [ '5.0.3' ],
53 silly audit   'postcss-color-mod-function': [ '3.0.3' ],
53 silly audit   'postcss-color-rebeccapurple': [ '4.0.1' ],
53 silly audit   'postcss-colormin': [ '4.0.3' ],
53 silly audit   'postcss-convert-values': [ '4.0.1' ],
53 silly audit   'postcss-custom-media': [ '7.0.8' ],
53 silly audit   'postcss-custom-properties': [ '8.0.11' ],
53 silly audit   'postcss-custom-selectors': [ '5.1.2' ],
53 silly audit   'postcss-dir-pseudo-class': [ '5.0.0' ],
53 silly audit   'postcss-discard-comments': [ '4.0.2' ],
53 silly audit   'postcss-discard-duplicates': [ '4.0.2' ],
53 silly audit   'postcss-discard-empty': [ '4.0.1' ],
53 silly audit   'postcss-discard-overridden': [ '4.0.1' ],
53 silly audit   'postcss-double-position-gradients': [ '1.0.0' ],
53 silly audit   'postcss-env-function': [ '2.0.2' ],
53 silly audit   'postcss-flexbugs-fixes': [ '4.1.0' ],
53 silly audit   'postcss-focus-visible': [ '4.0.0' ],
53 silly audit   'postcss-focus-within': [ '3.0.0' ],
53 silly audit   'postcss-font-variant': [ '4.0.1' ],
53 silly audit   'postcss-gap-properties': [ '2.0.0' ],
53 silly audit   'postcss-image-set-function': [ '3.0.1' ],
53 silly audit   'postcss-initial': [ '3.0.4' ],
53 silly audit   'postcss-lab-function': [ '2.0.1' ],
53 silly audit   'postcss-load-config': [ '2.1.2' ],
53 silly audit   'postcss-loader': [ '3.0.0' ],
53 silly audit   'postcss-logical': [ '3.0.0' ],
53 silly audit   'postcss-media-minmax': [ '4.0.0' ],
53 silly audit   'postcss-merge-longhand': [ '4.0.11' ],
53 silly audit   'postcss-merge-rules': [ '4.0.3' ],
53 silly audit   'postcss-minify-font-values': [ '4.0.2' ],
53 silly audit   'postcss-minify-gradients': [ '4.0.2' ],
53 silly audit   'postcss-minify-params': [ '4.0.2' ],
53 silly audit   'postcss-minify-selectors': [ '4.0.2' ],
53 silly audit   'postcss-modules-extract-imports': [ '1.2.1' ],
53 silly audit   'postcss-modules-local-by-default': [ '1.2.0' ],
53 silly audit   'postcss-modules-scope': [ '1.1.0' ],
53 silly audit   'postcss-modules-values': [ '1.3.0' ],
53 silly audit   'postcss-nesting': [ '7.0.1' ],
53 silly audit   'postcss-normalize-charset': [ '4.0.1' ],
53 silly audit   'postcss-normalize-display-values': [ '4.0.2' ],
53 silly audit   'postcss-normalize-positions': [ '4.0.2' ],
53 silly audit   'postcss-normalize-repeat-style': [ '4.0.2' ],
53 silly audit   'postcss-normalize-string': [ '4.0.2' ],
53 silly audit   'postcss-normalize-timing-functions': [ '4.0.2' ],
53 silly audit   'postcss-normalize-unicode': [ '4.0.1' ],
53 silly audit   'postcss-normalize-url': [ '4.0.1' ],
53 silly audit   'postcss-normalize-whitespace': [ '4.0.2' ],
53 silly audit   'postcss-ordered-values': [ '4.1.2' ],
53 silly audit   'postcss-overflow-shorthand': [ '2.0.0' ],
53 silly audit   'postcss-page-break': [ '2.0.0' ],
53 silly audit   'postcss-place': [ '4.0.1' ],
53 silly audit   'postcss-preset-env': [ '6.0.6', '6.5.0' ],
53 silly audit   'postcss-pseudo-class-any-link': [ '6.0.0' ],
53 silly audit   'postcss-reduce-initial': [ '4.0.3' ],
53 silly audit   'postcss-reduce-transforms': [ '4.0.2' ],
53 silly audit   'postcss-replace-overflow-wrap': [ '3.0.0' ],
53 silly audit   'postcss-safe-parser': [ '4.0.1' ],
53 silly audit   'postcss-selector-matches': [ '4.0.0' ],
53 silly audit   'postcss-selector-not': [ '4.0.1' ],
53 silly audit   'postcss-svgo': [ '4.0.3' ],
53 silly audit   'postcss-unique-selectors': [ '4.0.1' ],
53 silly audit   'postcss-values-parser': [ '2.0.1' ],
53 silly audit   'prelude-ls': [ '1.1.2' ],
53 silly audit   preserve: [ '0.2.0' ],
53 silly audit   prettier: [ '1.19.1', '1.9.2' ],
53 silly audit   'prettier-eslint': [ '8.8.2' ],
53 silly audit   regexpp: [ '1.1.0', '2.0.1' ],
53 silly audit   table: [ '4.0.2', '5.4.6', '4.0.3' ],
53 silly audit   yallist: [ '2.1.2', '3.1.1' ],
53 silly audit   'prettier-standard': [ '8.0.1' ],
53 silly audit   rxjs: [ '5.5.12', '6.6.7' ],
53 silly audit   'pretty-bytes': [ '4.0.2' ],
53 silly audit   'pretty-error': [ '2.1.2' ],
53 silly audit   'pretty-format': [ '23.6.0' ],
53 silly audit   private: [ '0.1.8' ],
53 silly audit   process: [ '0.11.10' ],
53 silly audit   'process-nextick-args': [ '2.0.1' ],
53 silly audit   progress: [ '2.0.3' ],
53 silly audit   promise: [ '8.0.2' ],
53 silly audit   'promise-inflight': [ '1.0.1' ],
53 silly audit   prompts: [ '0.1.14' ],
53 silly audit   'prop-types': [ '15.8.1', '15.7.2' ],
53 silly audit   'proxy-addr': [ '2.0.7' ],
53 silly audit   prr: [ '1.0.1' ],
53 silly audit   pseudomap: [ '1.0.2' ],
53 silly audit   psl: [ '1.9.0' ],
53 silly audit   'public-encrypt': [ '4.0.3' ],
53 silly audit   pump: [ '3.0.0', '2.0.1' ],
53 silly audit   pumpify: [ '1.5.1' ],
53 silly audit   q: [ '1.5.1' ],
53 silly audit   'querystring-es3': [ '0.2.1' ],
53 silly audit   querystringify: [ '2.2.0' ],
53 silly audit   raf: [ '3.4.0', '3.4.1' ],
53 silly audit   ramda: [ '0.24.1' ],
53 silly audit   randomatic: [ '3.1.1' ],
53 silly audit   randombytes: [ '2.1.0' ],
53 silly audit   randomfill: [ '1.0.4' ],
53 silly audit   'range-parser': [ '1.2.1' ],
53 silly audit   'raw-body': [ '2.5.1' ],
53 silly audit   react: [ '16.8.0' ],
53 silly audit   'react-anchor-link-smooth-scroll': [ '1.0.12' ],
53 silly audit   'react-app-polyfill': [ '0.1.3', '0.2.2' ],
53 silly audit   'whatwg-fetch': [ '3.0.0', '3.6.20' ],
53 silly audit   'react-async-script-loader': [ '0.3.0' ],
53 silly audit   'react-dev-utils': [ '6.1.1', '8.0.0' ],
53 silly audit   'react-dom': [ '16.8.0' ],
53 silly audit   'react-error-overlay': [ '5.1.6' ],
53 silly audit   'react-fast-compare': [ '2.0.4' ],
53 silly audit   'react-gist': [ '1.2.4' ],
53 silly audit   'react-helmet': [ '5.2.1' ],
53 silly audit   'react-image-lightbox': [ '5.1.4' ],
53 silly audit   'react-image-magnifiers': [ '1.4.0' ],
53 silly audit   'react-image-zoom': [ '0.7.0' ],
53 silly audit   'react-infinite-scroll-component': [ '4.5.3' ],
53 silly audit   'react-input-position': [ '1.3.2' ],
53 silly audit   'react-input-range': [ '1.3.0' ],
53 silly audit   'react-instafeed': [ '0.4.0' ],
53 silly audit   'react-is': [ '16.13.1' ],
53 silly audit   'react-lifecycles-compat': [ '3.0.4' ],
53 silly audit   'react-loading-bar': [ '0.0.7' ],
53 silly audit   'react-magnific-popup': [ '1.0.1' ],
53 silly audit   'react-masonry-css': [ '1.0.16' ],
53 silly audit   'react-minimalist-portal': [ '2.3.1' ],
53 silly audit   'react-modal': [ '3.16.1' ],
53 silly audit   'react-motion': [ '0.5.2' ],
53 silly audit   'react-pace-progress': [ '2.0.0' ],
53 silly audit   'react-paypal-express-checkout': [ '1.0.5' ],
53 silly audit   'react-photo-gallery': [ '8.0.0' ],
53 silly audit   'react-redux': [ '5.1.2' ],
53 silly audit   'react-redux-loading-bar': [ '4.6.0' ],
53 silly audit   'react-redux-multilingual': [ '2.0.4' ],
53 silly audit   'react-responsive-modal': [ '3.6.0' ],
53 silly audit   'react-router': [ '4.3.1' ],
53 silly audit   'react-router-dom': [ '4.3.1' ],
53 silly audit   'react-router-scroll-4': [ '1.0.0-beta.2' ],
53 silly audit   warning: [ '3.0.0', '4.0.3' ],
53 silly audit   'react-router-transition': [ '2.1.0' ],
53 silly audit   'react-scripts': [ '2.1.8' ],
53 silly audit   'resolve-from': [ '4.0.0', '1.0.1', '3.0.0' ],
53 silly audit   'sass-loader': [ '7.1.0', '7.3.1' ],
53 silly audit   'shallow-clone': [ '1.0.0', '3.0.1', '0.1.2' ],
53 silly audit   'slice-ansi': [ '2.1.0', '1.0.0' ],
53 silly audit   'sockjs-client': [ '1.3.0', '1.1.5' ],
53 silly audit   spdy: [ '4.0.2', '3.4.7' ],
53 silly audit   'spdy-transport': [ '3.0.0', '2.1.1' ],
53 silly audit   'style-loader': [ '0.23.1', '0.23.0' ],
53 silly audit   'string-width': [ '3.1.0', '2.1.1', '1.0.2' ],
53 silly audit   'terser-webpack-plugin': [ '1.2.2', '1.1.0', '1.4.5' ],
53 silly audit   'url-loader': [ '1.1.2', '1.1.1' ],
53 silly audit   webpack: [ '4.28.3', '4.47.0' ],
53 silly audit   'webpack-dev-server': [ '3.1.14', '3.1.9' ],
53 silly audit   'schema-utils': [ '0.4.7', '1.0.0' ],
53 silly audit   yargs: [ '12.0.2', '11.1.1' ],
53 silly audit   'yargs-parser': [ '10.1.0', '9.0.2' ],
53 silly audit   'react-side-effect': [ '1.2.0' ],
53 silly audit   shallowequal: [ '1.1.0', '0.2.2' ],
53 silly audit   'react-slick': [ '0.21.0' ],
53 silly audit   'react-slide-toggle': [ '0.1.13' ],
53 silly audit   'react-sticky-box': [ '0.7.8' ],
53 silly audit   'react-tabs': [ '2.3.1' ],
53 silly audit   'react-toastify': [ '4.5.2' ],
53 silly audit   'react-topbar-progress-indicator': [ '2.0.0' ],
53 silly audit   'react-transition-group': [ '2.9.0' ],
53 silly audit   'read-pkg': [ '2.0.0', '1.1.0' ],
53 silly audit   'read-pkg-up': [ '2.0.0', '1.0.1' ],
53 silly audit   readdirp: [ '2.2.1', '3.6.0' ],
53 silly audit   'realpath-native': [ '1.1.0' ],
53 silly audit   'recursive-readdir': [ '2.2.2' ],
53 silly audit   redux: [ '4.2.1' ],
53 silly audit   'redux-infinite-scroll': [ '1.0.9' ],
53 silly audit   'redux-logger': [ '3.0.6' ],
53 silly audit   'redux-thunk': [ '2.4.2' ],
53 silly audit   regenerate: [ '1.4.2' ],
53 silly audit   'regenerate-unicode-properties': [ '10.1.1' ],
53 silly audit   'regenerator-transform': [ '0.15.2' ],
53 silly audit   'regex-cache': [ '0.4.4' ],
53 silly audit   'regex-not': [ '1.0.2' ],
53 silly audit   'regexp.prototype.flags': [ '1.5.1' ],
53 silly audit   'regexpu-core': [ '5.3.2' ],
53 silly audit   regjsparser: [ '0.9.1' ],
53 silly audit   relateurl: [ '0.2.7' ],
53 silly audit   'remove-trailing-separator': [ '1.1.0' ],
53 silly audit   renderkid: [ '2.0.7' ],
53 silly audit   'repeat-element': [ '1.1.4' ],
53 silly audit   'repeat-string': [ '1.6.1' ],
53 silly audit   repeating: [ '2.0.1' ],
53 silly audit   request: [ '2.88.2' ],
53 silly audit   'request-promise-core': [ '1.1.4' ],
53 silly audit   'request-promise-native': [ '1.0.9' ],
53 silly audit   'require-directory': [ '2.1.1' ],
53 silly audit   'require-from-string': [ '2.0.2' ],
53 silly audit   'require-main-filename': [ '1.0.1' ],
53 silly audit   'require-relative': [ '0.8.7' ],
53 silly audit   'require-uncached': [ '1.0.3' ],
53 silly audit   'requires-port': [ '1.0.0' ],
53 silly audit   'reserved-words': [ '0.1.2' ],
53 silly audit   'resize-observer-polyfill': [ '1.5.1' ],
53 silly audit   'resolve-cwd': [ '2.0.0' ],
53 silly audit   'resolve-dir': [ '1.0.1' ],
53 silly audit   'resolve-pathname': [ '3.0.0' ],
53 silly audit   'resolve-url': [ '0.2.1' ],
53 silly audit   'restore-cursor': [ '2.0.0' ],
53 silly audit   ret: [ '0.1.15' ],
53 silly audit   'rgb-regex': [ '1.0.1' ],
53 silly audit   'rgba-regex': [ '1.0.0' ],
53 silly audit   ripemd160: [ '2.0.2' ],
53 silly audit   'rrweb-cssom': [ '0.6.0' ],
53 silly audit   rsvp: [ '3.6.2' ],
53 silly audit   'run-async': [ '2.4.1' ],
53 silly audit   'run-queue': [ '1.0.3' ],
53 silly audit   'rx-lite': [ '4.0.8' ],
53 silly audit   'rx-lite-aggregates': [ '4.0.8' ],
53 silly audit   'safe-array-concat': [ '1.1.0' ],
53 silly audit   'safe-regex': [ '1.1.0' ],
53 silly audit   'safe-regex-test': [ '1.0.2' ],
53 silly audit   'safer-buffer': [ '2.1.2' ],
53 silly audit   sane: [ '2.5.2' ],
53 silly audit   sass: [ '1.70.0' ],
53 silly audit   'to-regex-range': [ '5.0.1', '2.1.1' ],
53 silly audit   sax: [ '1.2.4' ],
53 silly audit   saxes: [ '6.0.0' ],
53 silly audit   scheduler: [ '0.13.6' ],
53 silly audit   'scroll-behavior': [ '0.9.12' ],
53 silly audit   'select-hose': [ '2.0.0' ],
53 silly audit   selfsigned: [ '1.10.14' ],
53 silly audit   send: [ '0.18.0' ],
53 silly audit   'serialize-javascript': [ '1.9.1', '4.0.0' ],
53 silly audit   'serve-index': [ '1.9.1' ],
53 silly audit   setprototypeof: [ '1.1.0', '1.2.0' ],
53 silly audit   statuses: [ '1.5.0', '2.0.1' ],
53 silly audit   'serve-static': [ '1.15.0' ],
53 silly audit   'set-blocking': [ '2.0.0' ],
53 silly audit   'set-function-length': [ '1.2.0' ],
53 silly audit   'set-function-name': [ '2.0.1' ],
53 silly audit   'set-value': [ '2.0.1' ],
53 silly audit   setimmediate: [ '1.0.5' ],
53 silly audit   'sha.js': [ '2.4.11' ],
53 silly audit   'shebang-command': [ '1.2.0' ],
53 silly audit   'shebang-regex': [ '1.0.0' ],
53 silly audit   'shell-quote': [ '1.6.1' ],
53 silly audit   shellwords: [ '0.1.1' ],
53 silly audit   'side-channel': [ '1.0.4' ],
53 silly audit   'signal-exit': [ '3.0.7' ],
53 silly audit   'simple-react-validator': [ '1.6.2' ],
53 silly audit   'simple-swizzle': [ '0.2.2' ],
53 silly audit   sisteransi: [ '0.1.1' ],
53 silly audit   'slick-carousel': [ '1.8.1' ],
53 silly audit   smartmenus: [ '1.2.1' ],
53 silly audit   snapdragon: [ '0.8.2' ],
53 silly audit   'snapdragon-node': [ '2.1.1' ],
53 silly audit   'snapdragon-util': [ '3.0.1' ],
53 silly audit   sockjs: [ '0.3.19' ],
53 silly audit   'source-list-map': [ '2.0.1' ],
53 silly audit   'source-map-js': [ '1.0.2' ],
53 silly audit   'source-map-resolve': [ '0.5.3' ],
53 silly audit   'source-map-url': [ '0.4.1' ],
53 silly audit   'spdx-correct': [ '3.2.0' ],
53 silly audit   'spdx-exceptions': [ '2.3.0' ],
53 silly audit   'spdx-expression-parse': [ '3.0.1' ],
53 silly audit   'spdx-license-ids': [ '3.0.16' ],
53 silly audit   'split-string': [ '3.1.0' ],
53 silly audit   'sprintf-js': [ '1.0.3' ],
53 silly audit   sshpk: [ '1.18.0' ],
53 silly audit   ssri: [ '6.0.2' ],
53 silly audit   stable: [ '0.1.8' ],
53 silly audit   'stack-utils': [ '1.0.5' ],
53 silly audit   'static-extend': [ '0.1.2' ],
53 silly audit   'stealthy-require': [ '1.1.1' ],
53 silly audit   'stream-browserify': [ '2.0.2' ],
53 silly audit   'stream-each': [ '1.2.3' ],
53 silly audit   'stream-http': [ '2.8.3' ],
53 silly audit   'stream-shift': [ '1.0.3' ],
53 silly audit   string_decoder: [ '1.1.1' ],
53 silly audit   'string-convert': [ '0.2.1' ],
53 silly audit   'string-length': [ '2.0.0' ],
53 silly audit   'string.prototype.trim': [ '1.2.8' ],
53 silly audit   'string.prototype.trimend': [ '1.0.7' ],
53 silly audit   'string.prototype.trimstart': [ '1.0.7' ],
53 silly audit   'stringify-object': [ '3.3.0' ],
53 silly audit   'strip-comments': [ '1.0.2' ],
53 silly audit   'strip-eof': [ '1.0.0' ],
53 silly audit   'strip-json-comments': [ '2.0.1' ],
53 silly audit   stylehacks: [ '4.0.3' ],
53 silly audit   'supports-preserve-symlinks-flag': [ '1.0.0' ],
53 silly audit   'svg-parser': [ '2.0.4' ],
53 silly audit   svgo: [ '1.3.2' ],
53 silly audit   'symbol-observable': [ '1.0.1' ],
53 silly audit   'symbol-tree': [ '3.2.4' ],
53 silly audit   tabbable: [ '3.1.2' ],
53 silly audit   tapable: [ '1.1.3' ],
53 silly audit   terser: [ '3.17.0', '4.8.1' ],
53 silly audit   'test-exclude': [ '4.2.3' ],
53 silly audit   'text-table': [ '0.2.0' ],
53 silly audit   throat: [ '4.1.0' ],
53 silly audit   through: [ '2.3.8' ],
53 silly audit   through2: [ '2.0.5' ],
53 silly audit   thunky: [ '1.1.0' ],
53 silly audit   'timers-browserify': [ '2.0.12' ],
53 silly audit   timsort: [ '0.3.0' ],
53 silly audit   'tiny-invariant': [ '1.3.1' ],
53 silly audit   'tiny-warning': [ '1.0.3' ],
53 silly audit   tmp: [ '0.0.33' ],
53 silly audit   tmpl: [ '1.0.5' ],
53 silly audit   'to-arraybuffer': [ '1.0.1' ],
53 silly audit   'to-object-path': [ '0.3.0' ],
53 silly audit   'to-regex': [ '3.0.2' ],
53 silly audit   toidentifier: [ '1.0.1' ],
53 silly audit   topbar: [ '0.1.4' ],
53 silly audit   topo: [ '2.1.1' ],
53 silly audit   universalify: [ '0.2.0', '0.1.2' ],
53 silly audit   'trim-right': [ '1.0.1' ],
53 silly audit   tryer: [ '1.0.1' ],
53 silly audit   'ts-pnp': [ '1.2.0' ],
53 silly audit   tslib: [ '1.14.1' ],
53 silly audit   'tty-browserify': [ '0.0.0' ],
53 silly audit   'tunnel-agent': [ '0.6.0' ],
53 silly audit   tweetnacl: [ '0.14.5' ],
53 silly audit   'type-check': [ '0.3.2' ],
53 silly audit   'type-is': [ '1.6.18' ],
53 silly audit   'typed-array-buffer': [ '1.0.0' ],
53 silly audit   'typed-array-byte-length': [ '1.0.0' ],
53 silly audit   'typed-array-byte-offset': [ '1.0.0' ],
53 silly audit   'typed-array-length': [ '1.0.4' ],
53 silly audit   typedarray: [ '0.0.6' ],
53 silly audit   typescript: [ '2.9.2' ],
53 silly audit   'typescript-eslint-parser': [ '16.0.1' ],
53 silly audit   'uglify-js': [ '3.4.10' ],
53 silly audit   'unbox-primitive': [ '1.0.2' ],
53 silly audit   'unicode-canonical-property-names-ecmascript': [ '2.0.0' ],
53 silly audit   'unicode-match-property-ecmascript': [ '2.0.0' ],
53 silly audit   'unicode-match-property-value-ecmascript': [ '2.1.0' ],
53 silly audit   'unicode-property-aliases-ecmascript': [ '2.1.0' ],
53 silly audit   'union-value': [ '1.0.1' ],
53 silly audit   uniq: [ '1.0.1' ],
53 silly audit   uniqs: [ '2.0.0' ],
53 silly audit   'unique-filename': [ '1.1.1' ],
53 silly audit   'unique-slug': [ '2.0.2' ],
53 silly audit   unpipe: [ '1.0.0' ],
53 silly audit   unquote: [ '1.1.1' ],
53 silly audit   'unset-value': [ '1.0.0' ],
53 silly audit   upath: [ '1.2.0' ],
53 silly audit   'update-browserslist-db': [ '1.0.13' ],
53 silly audit   'upper-case': [ '1.1.3' ],
53 silly audit   'uri-js': [ '4.4.1' ],
53 silly audit   urix: [ '0.1.0' ],
53 silly audit   url: [ '0.11.3' ],
53 silly audit   'url-parse': [ '1.5.10' ],
53 silly audit   use: [ '3.1.1' ],
53 silly audit   'util-deprecate': [ '1.0.2' ],
53 silly audit   utila: [ '0.4.0' ],
53 silly audit   'utils-merge': [ '1.0.1' ],
53 silly audit   uuid: [ '3.4.0' ],
53 silly audit   'validate-npm-package-license': [ '3.0.4' ],
53 silly audit   'value-equal': [ '1.0.1' ],
53 silly audit   vary: [ '1.1.2' ],
53 silly audit   vendors: [ '1.0.4' ],
53 silly audit   verror: [ '1.10.0' ],
53 silly audit   'vm-browserify': [ '1.1.2' ],
53 silly audit   'vue-eslint-parser': [ '2.0.3' ],
53 silly audit   'w3c-hr-time': [ '1.0.2' ],
53 silly audit   'w3c-xmlserializer': [ '5.0.0' ],
53 silly audit   walker: [ '1.0.8' ],
53 silly audit   watch: [ '0.18.0' ],
53 silly audit   watchpack: [ '1.7.5' ],
53 silly audit   'watchpack-chokidar2': [ '2.0.1' ],
53 silly audit   wbuf: [ '1.7.3' ],
53 silly audit   'webpack-dev-middleware': [ '3.4.0' ],
53 silly audit   'webpack-log': [ '2.0.0' ],
53 silly audit   'webpack-manifest-plugin': [ '2.0.4' ],
53 silly audit   'webpack-sources': [ '1.4.3' ],
53 silly audit   'websocket-driver': [ '0.7.4' ],
53 silly audit   'websocket-extensions': [ '0.1.4' ],
53 silly audit   which: [ '1.3.1' ],
53 silly audit   'which-boxed-primitive': [ '1.0.2' ],
53 silly audit   'which-module': [ '2.0.1' ],
53 silly audit   'which-typed-array': [ '1.1.13' ],
53 silly audit   'word-wrap': [ '1.2.5' ],
53 silly audit   wordwrap: [ '1.0.0' ],
53 silly audit   'workbox-background-sync': [ '3.6.3' ],
53 silly audit   'workbox-broadcast-cache-update': [ '3.6.3' ],
53 silly audit   'workbox-build': [ '3.6.3' ],
53 silly audit   'workbox-cache-expiration': [ '3.6.3' ],
53 silly audit   'workbox-cacheable-response': [ '3.6.3' ],
53 silly audit   'workbox-core': [ '3.6.3' ],
53 silly audit   'workbox-google-analytics': [ '3.6.3' ],
53 silly audit   'workbox-navigation-preload': [ '3.6.3' ],
53 silly audit   'workbox-precaching': [ '3.6.3' ],
53 silly audit   'workbox-range-requests': [ '3.6.3' ],
53 silly audit   'workbox-routing': [ '3.6.3' ],
53 silly audit   'workbox-strategies': [ '3.6.3' ],
53 silly audit   'workbox-streams': [ '3.6.3' ],
53 silly audit   'workbox-sw': [ '3.6.3' ],
53 silly audit   'workbox-webpack-plugin': [ '3.6.3' ],
53 silly audit   'worker-farm': [ '1.7.0' ],
53 silly audit   'wrap-ansi': [ '2.1.0' ],
53 silly audit   wrappy: [ '1.0.2' ],
53 silly audit   write: [ '0.2.1' ],
53 silly audit   'write-file-atomic': [ '2.4.3' ],
53 silly audit   xmlchars: [ '2.2.0' ],
53 silly audit   xregexp: [ '4.0.0' ],
53 silly audit   xtend: [ '4.0.2' ],
53 silly audit   y18n: [ '4.0.3', '3.2.2' ]
53 silly audit }
54 verbose reify failed optional dependency C:\Users\HP\multikart-3.2.1\multikart-3.2.1\front-end\node_modules\fsevents
55 silly reify mark deleted [
55 silly reify   'C:\\Users\\HP\\multikart-3.2.1\\multikart-3.2.1\\front-end\\node_modules\\fsevents'
55 silly reify ]
56 verbose reify failed optional dependency C:\Users\HP\multikart-3.2.1\multikart-3.2.1\front-end\node_modules\bindings
57 silly reify mark deleted [
57 silly reify   'C:\\Users\\HP\\multikart-3.2.1\\multikart-3.2.1\\front-end\\node_modules\\bindings'
57 silly reify ]
58 verbose reify failed optional dependency C:\Users\HP\multikart-3.2.1\multikart-3.2.1\front-end\node_modules\file-uri-to-path
59 silly reify mark deleted [
59 silly reify   'C:\\Users\\HP\\multikart-3.2.1\\multikart-3.2.1\\front-end\\node_modules\\file-uri-to-path'
59 silly reify ]
60 verbose reify failed optional dependency C:\Users\HP\multikart-3.2.1\multikart-3.2.1\front-end\node_modules\watchpack\node_modules\fsevents
61 silly reify mark deleted [
61 silly reify   'C:\\Users\\HP\\multikart-3.2.1\\multikart-3.2.1\\front-end\\node_modules\\watchpack\\node_modules\\fsevents'
61 silly reify ]
62 verbose reify failed optional dependency C:\Users\HP\multikart-3.2.1\multikart-3.2.1\front-end\node_modules\sass\node_modules\fsevents
63 silly reify mark deleted [
63 silly reify   'C:\\Users\\HP\\multikart-3.2.1\\multikart-3.2.1\\front-end\\node_modules\\sass\\node_modules\\fsevents'
63 silly reify ]
64 timing reifyNode:node_modules/fsevents Completed in 5ms
65 timing reifyNode:node_modules/watchpack/node_modules/fsevents Completed in 5ms
66 timing reifyNode:node_modules/sass/node_modules/fsevents Completed in 4ms
67 silly tarball no local data for file-uri-to-path@http://registry.npmjs.org/file-uri-to-path/-/file-uri-to-path-1.0.0.tgz. Extracting by manifest.
68 silly tarball no local data for bindings@http://registry.npmjs.org/bindings/-/bindings-1.5.0.tgz. Extracting by manifest.
69 notice Beginning October 4, 2021, all connections to the npm registry - including for package installation - must use TLS 1.2 or higher. You are currently using plaintext http to connect. Please visit the GitHub blog for more information: https://github.blog/2021-08-23-npm-registry-deprecating-tls-1-0-tls-1-1/
70 http fetch POST 426 http://registry.npmjs.org/-/npm/v1/security/advisories/bulk 127ms
71 silly audit bulk request failed Beginning October 4, 2021, all connections to npm websites and the npm registry - including for package installation - must use HTTPS and TLS 1.2 or higher.
71 silly audit
71 silly audit For more information see this blog post: https://github.blog/2021-08-23-npm-registry-deprecating-tls-1-0-tls-1-1/
72 http fetch GET 200 https://registry.npmjs.org/npm 5015ms
73 notice Beginning October 4, 2021, all connections to the npm registry - including for package installation - must use TLS 1.2 or higher. You are currently using plaintext http to connect. Please visit the GitHub blog for more information: https://github.blog/2021-08-23-npm-registry-deprecating-tls-1-0-tls-1-1/
74 http fetch POST 426 http://registry.npmjs.org/-/npm/v1/security/audits/quick 112ms
75 verbose audit error HttpErrorGeneral: 426 Upgrade Required - POST http://registry.npmjs.org/-/npm/v1/security/audits/quick
75 verbose audit error     at C:\Users\HP\AppData\Roaming\npm\node_modules\npm\node_modules\npm-registry-fetch\lib\check-response.js:95:15
75 verbose audit error     at process.processTicksAndRejections (node:internal/process/task_queues:95:5)
75 verbose audit error     at async [getReport] (C:\Users\HP\AppData\Roaming\npm\node_modules\npm\node_modules\@npmcli\arborist\lib\audit-report.js:335:21)
75 verbose audit error     at async AuditReport.run (C:\Users\HP\AppData\Roaming\npm\node_modules\npm\node_modules\@npmcli\arborist\lib\audit-report.js:106:19) {
75 verbose audit error   headers: [Object: null prototype] {
75 verbose audit error     date: [ 'Thu, 18 Jan 2024 18:10:08 GMT' ],
75 verbose audit error     'content-type': [ 'text/plain' ],
75 verbose audit error     'content-length': [ '271' ],
75 verbose audit error     connection: [ 'keep-alive' ],
75 verbose audit error     'npm-notice': [
75 verbose audit error       'Beginning October 4, 2021, all connections to the npm registry - including for package installation - must use TLS 1.2 or higher. You are currently using plaintext http to connect. Please visit the GitHub blog for more information: https://github.blog/2021-08-23-npm-registry-deprecating-tls-1-0-tls-1-1/'
75 verbose audit error     ],
75 verbose audit error     vary: [ 'Accept-Encoding' ],
75 verbose audit error     server: [ 'cloudflare' ],
75 verbose audit error     'cf-ray': [ '8478cb0328ee6ebc-BOM' ],
75 verbose audit error     'x-fetch-attempts': [ '1' ]
75 verbose audit error   },
75 verbose audit error   statusCode: 426,
75 verbose audit error   code: 'E426',
75 verbose audit error   method: 'POST',
75 verbose audit error   uri: 'http://registry.npmjs.org/-/npm/v1/security/audits/quick',
75 verbose audit error   body: <Buffer 42 65 67 69 6e 6e 69 6e 67 20 4f 63 74 6f 62 65 72 20 34 2c 20 32 30 32 31 2c 20 61 6c 6c 20 63 6f 6e 6e 65 63 74 69 6f 6e 73 20 74 6f 20 6e 70 6d 20 ... 221 more bytes>,
75 verbose audit error   pkgid: undefined
75 verbose audit error }
76 silly audit error Beginning October 4, 2021, all connections to npm websites and the npm registry - including for package installation - must use HTTPS and TLS 1.2 or higher.
76 silly audit error
76 silly audit error For more information see this blog post: https://github.blog/2021-08-23-npm-registry-deprecating-tls-1-0-tls-1-1/
77 timing auditReport:getReport Completed in 1446ms
78 silly audit report null
79 timing reify:audit Completed in 1449ms
80 http fetch GET 200 https://registry.npmjs.org/bindings/-/bindings-1.5.0.tgz 1643ms (cache miss)
81 timing reifyNode:node_modules/bindings Completed in 1661ms
82 http fetch GET 200 https://registry.npmjs.org/file-uri-to-path/-/file-uri-to-path-1.0.0.tgz 2054ms (cache miss)
83 timing reifyNode:node_modules/file-uri-to-path Completed in 2072ms
84 timing reify:unpack Completed in 2073ms
85 timing reify:unretire Completed in 0ms
86 timing build:queue Completed in 1ms
87 timing build:deps Completed in 2ms
88 timing build Completed in 3ms
89 timing reify:build Completed in 4ms
90 timing reify:trash Completed in 5ms
91 timing reify:save Completed in 1349ms
92 timing reify Completed in 7950ms
93 silly ADD
94 silly ADD
95 silly ADD
96 silly ADD
97 silly ADD
98 silly ADD
99 timing command:install Completed in 7972ms
100 verbose exit 0
101 timing npm Completed in 8570ms
102 info ok
